07:40:47.045 [main] INFO  c.e.a.AssignmentApplicationTest - Starting AssignmentApplicationTest using Java 17.0.5 on Khaoula with PID 26664 (started by jbeli in C:\Users\jbeli\OneDrive\Documents\assignmentNew\Assignment\assignment)
07:40:47.051 [main] INFO  c.e.a.AssignmentApplicationTest - No active profile set, falling back to default profiles: default
07:40:48.595 [main] INFO  o.s.s.web.DefaultSecurityFilterChain - Will secure any request with [org.springframework.security.web.context.request.async.WebAsyncManagerIntegrationFilter@2ac0cb64, org.springframework.security.web.context.SecurityContextPersistenceFilter@673e1cf2, org.springframework.security.web.header.HeaderWriterFilter@23a9400c, org.springframework.security.web.authentication.logout.LogoutFilter@3054cdd3, org.springframework.security.web.session.ConcurrentSessionFilter@6894436e, org.springframework.security.web.authentication.www.BasicAuthenticationFilter@349686e8, org.springframework.security.web.savedrequest.RequestCacheAwareFilter@2cbae0f1, org.springframework.security.web.servletapi.SecurityContextHolderAwareRequestFilter@43e9a8a2, org.springframework.security.web.authentication.AnonymousAuthenticationFilter@7be3a837, org.springframework.security.web.session.SessionManagementFilter@41ae9f11, org.springframework.security.web.access.ExceptionTranslationFilter@d15f031, org.springframework.security.web.access.intercept.FilterSecurityInterceptor@5f5fb335]
07:40:49.377 [main] INFO  c.e.a.AssignmentApplicationTest - Started AssignmentApplicationTest in 2.811 seconds (JVM running for 5.331)
07:40:50.290 [main] INFO  o.s.mock.web.MockServletContext - Initializing Spring TestDispatcherServlet ''
07:40:50.291 [main] INFO  o.s.t.w.s.TestDispatcherServlet - Initializing Servlet ''
07:40:50.291 [main] INFO  o.s.t.w.s.TestDispatcherServlet - Completed initialization in 0 ms
07:40:50.455 [main] INFO  c.e.a.controller.LoginController - User logged in successfully
07:40:50.511 [main] ERROR c.e.a.controller.StatementController - Invalid date range: from date should be before to date
07:40:50.519 [main] ERROR c.e.a.controller.StatementController - Invalid account ID
07:40:50.534 [main] ERROR c.e.a.controller.StatementController - Invalid amount range: To amount should be geater than  from amount
07:42:25.079 [main] INFO  c.e.a.AssignmentApplicationTest - Starting AssignmentApplicationTest using Java 17.0.5 on Khaoula with PID 13744 (started by jbeli in C:\Users\jbeli\OneDrive\Documents\assignmentNew\Assignment\assignment)
07:42:25.081 [main] INFO  c.e.a.AssignmentApplicationTest - No active profile set, falling back to default profiles: default
07:42:26.623 [main] INFO  o.s.s.web.DefaultSecurityFilterChain - Will secure any request with [org.springframework.security.web.context.request.async.WebAsyncManagerIntegrationFilter@73d7e7aa, org.springframework.security.web.context.SecurityContextPersistenceFilter@6894436e, org.springframework.security.web.header.HeaderWriterFilter@75693526, org.springframework.security.web.authentication.logout.LogoutFilter@158cb50a, org.springframework.security.web.session.ConcurrentSessionFilter@45a40353, org.springframework.security.web.authentication.www.BasicAuthenticationFilter@4b8601a1, org.springframework.security.web.savedrequest.RequestCacheAwareFilter@2738a1fc, org.springframework.security.web.servletapi.SecurityContextHolderAwareRequestFilter@673e1cf2, org.springframework.security.web.authentication.AnonymousAuthenticationFilter@349686e8, org.springframework.security.web.session.SessionManagementFilter@61a17f3, org.springframework.security.web.access.ExceptionTranslationFilter@2f70d78c, org.springframework.security.web.access.intercept.FilterSecurityInterceptor@3a22d69f]
07:42:27.319 [main] INFO  c.e.a.AssignmentApplicationTest - Started AssignmentApplicationTest in 2.758 seconds (JVM running for 4.372)
07:42:28.081 [main] INFO  o.s.mock.web.MockServletContext - Initializing Spring TestDispatcherServlet ''
07:42:28.081 [main] INFO  o.s.t.w.s.TestDispatcherServlet - Initializing Servlet ''
07:42:28.081 [main] INFO  o.s.t.w.s.TestDispatcherServlet - Completed initialization in 0 ms
07:42:28.239 [main] INFO  c.e.a.controller.LoginController - User logged in successfully
07:42:28.291 [main] ERROR c.e.a.controller.StatementController - Invalid date range: from date should be before to date
07:42:28.298 [main] ERROR c.e.a.controller.StatementController - Invalid account ID
07:42:28.312 [main] ERROR c.e.a.controller.StatementController - Invalid amount range: To amount should be geater than  from amount
07:47:52.294 [main] INFO  c.e.a.AssignmentApplicationTest - Starting AssignmentApplicationTest using Java 17.0.5 on Khaoula with PID 24248 (started by jbeli in C:\Users\jbeli\OneDrive\Documents\assignmentNew\Assignment\assignment)
07:47:52.296 [main] INFO  c.e.a.AssignmentApplicationTest - No active profile set, falling back to default profiles: default
07:47:53.939 [main] INFO  o.s.s.web.DefaultSecurityFilterChain - Will secure any request with [org.springframework.security.web.context.request.async.WebAsyncManagerIntegrationFilter@5a2297d7, org.springframework.security.web.context.SecurityContextPersistenceFilter@723081a2, org.springframework.security.web.header.HeaderWriterFilter@58fadccb, org.springframework.security.web.authentication.logout.LogoutFilter@5d50e7f6, org.springframework.security.web.session.ConcurrentSessionFilter@6b888692, org.springframework.security.web.authentication.www.BasicAuthenticationFilter@108d59b6, org.springframework.security.web.savedrequest.RequestCacheAwareFilter@45a40353, org.springframework.security.web.servletapi.SecurityContextHolderAwareRequestFilter@31ecd003, org.springframework.security.web.authentication.AnonymousAuthenticationFilter@52e34db, org.springframework.security.web.session.SessionManagementFilter@1d77d9c6, org.springframework.security.web.access.ExceptionTranslationFilter@2cdcedef, org.springframework.security.web.access.intercept.FilterSecurityInterceptor@186e254]
07:47:54.653 [main] INFO  c.e.a.AssignmentApplicationTest - Started AssignmentApplicationTest in 2.851 seconds (JVM running for 4.442)
07:47:55.416 [main] INFO  o.s.mock.web.MockServletContext - Initializing Spring TestDispatcherServlet ''
07:47:55.416 [main] INFO  o.s.t.w.s.TestDispatcherServlet - Initializing Servlet ''
07:47:55.416 [main] INFO  o.s.t.w.s.TestDispatcherServlet - Completed initialization in 0 ms
07:47:55.568 [main] INFO  c.e.a.controller.LoginController - User logged in successfully
07:47:55.615 [main] ERROR c.e.a.controller.StatementController - Invalid date range: from date should be before to date
07:47:55.622 [main] ERROR c.e.a.controller.StatementController - Invalid account ID
07:47:55.634 [main] ERROR c.e.a.controller.StatementController - Invalid amount range: To amount should be geater than  from amount
07:48:49.164 [main] INFO  c.e.a.AssignmentApplicationTest - Starting AssignmentApplicationTest using Java 17.0.5 on Khaoula with PID 22676 (started by jbeli in C:\Users\jbeli\OneDrive\Documents\assignmentNew\Assignment\assignment)
07:48:49.165 [main] INFO  c.e.a.AssignmentApplicationTest - No active profile set, falling back to default profiles: default
07:48:50.645 [main] INFO  o.s.s.web.DefaultSecurityFilterChain - Will secure any request with [org.springframework.security.web.context.request.async.WebAsyncManagerIntegrationFilter@4193da4d, org.springframework.security.web.context.SecurityContextPersistenceFilter@7a25f8ee, org.springframework.security.web.header.HeaderWriterFilter@76c2d002, org.springframework.security.web.authentication.logout.LogoutFilter@3ce4eb42, org.springframework.security.web.session.ConcurrentSessionFilter@5d3d5242, org.springframework.security.web.authentication.www.BasicAuthenticationFilter@7baf7e2c, org.springframework.security.web.savedrequest.RequestCacheAwareFilter@27a23d87, org.springframework.security.web.servletapi.SecurityContextHolderAwareRequestFilter@30f54522, org.springframework.security.web.authentication.AnonymousAuthenticationFilter@6915351c, org.springframework.security.web.session.SessionManagementFilter@723081a2, org.springframework.security.web.access.ExceptionTranslationFilter@a5df98c, org.springframework.security.web.access.intercept.FilterSecurityInterceptor@9da386c]
07:48:51.351 [main] INFO  c.e.a.AssignmentApplicationTest - Started AssignmentApplicationTest in 2.684 seconds (JVM running for 4.28)
07:48:52.144 [main] INFO  o.s.mock.web.MockServletContext - Initializing Spring TestDispatcherServlet ''
07:48:52.144 [main] INFO  o.s.t.w.s.TestDispatcherServlet - Initializing Servlet ''
07:48:52.144 [main] INFO  o.s.t.w.s.TestDispatcherServlet - Completed initialization in 0 ms
07:48:52.288 [main] INFO  c.e.a.controller.LoginController - User logged in successfully
07:48:52.364 [main] ERROR c.e.a.controller.StatementController - Invalid date range: from date should be before to date
07:48:52.371 [main] ERROR c.e.a.controller.StatementController - Invalid account ID
07:48:52.397 [main] ERROR c.e.a.controller.StatementController - Invalid amount range: To amount should be geater than  from amount
07:53:02.861 [main] INFO  c.e.a.AssignmentApplicationTest - Starting AssignmentApplicationTest using Java 17.0.5 on Khaoula with PID 23460 (started by jbeli in C:\Users\jbeli\OneDrive\Documents\assignmentNew\Assignment\assignment)
07:53:02.863 [main] INFO  c.e.a.AssignmentApplicationTest - No active profile set, falling back to default profiles: default
07:53:04.376 [main] INFO  o.s.s.web.DefaultSecurityFilterChain - Will secure any request with [org.springframework.security.web.context.request.async.WebAsyncManagerIntegrationFilter@3a5c6009, org.springframework.security.web.context.SecurityContextPersistenceFilter@fc6cac6, org.springframework.security.web.header.HeaderWriterFilter@6408a8ac, org.springframework.security.web.authentication.logout.LogoutFilter@178617da, org.springframework.security.web.session.ConcurrentSessionFilter@6731b6bd, org.springframework.security.web.authentication.www.BasicAuthenticationFilter@615b1baf, org.springframework.security.web.savedrequest.RequestCacheAwareFilter@4b99f2ed, org.springframework.security.web.servletapi.SecurityContextHolderAwareRequestFilter@356cb230, org.springframework.security.web.authentication.AnonymousAuthenticationFilter@2c4e63b3, org.springframework.security.web.session.SessionManagementFilter@39a1c200, org.springframework.security.web.access.ExceptionTranslationFilter@634d56eb, org.springframework.security.web.access.intercept.FilterSecurityInterceptor@5d94c50e]
07:53:05.095 [main] INFO  c.e.a.AssignmentApplicationTest - Started AssignmentApplicationTest in 2.712 seconds (JVM running for 4.329)
07:53:05.860 [main] INFO  o.s.mock.web.MockServletContext - Initializing Spring TestDispatcherServlet ''
07:53:05.861 [main] INFO  o.s.t.w.s.TestDispatcherServlet - Initializing Servlet ''
07:53:05.861 [main] INFO  o.s.t.w.s.TestDispatcherServlet - Completed initialization in 0 ms
07:53:05.989 [main] INFO  c.e.a.controller.LoginController - User logged in successfully
07:53:06.042 [main] ERROR c.e.a.controller.StatementController - Invalid date range: from date should be before to date
07:53:06.062 [main] ERROR c.e.a.controller.StatementController - Invalid account ID
07:53:06.082 [main] ERROR c.e.a.controller.StatementController - Invalid amount range: To amount should be geater than  from amount
07:53:21.949 [main] INFO  c.e.a.AssignmentApplicationTest - Starting AssignmentApplicationTest using Java 17.0.8 on Khaoula with PID 23980 (started by jbeli in C:\Users\jbeli\OneDrive\Documents\assignmentNew\Assignment\assignment)
07:53:21.949 [main] INFO  c.e.a.AssignmentApplicationTest - No active profile set, falling back to default profiles: default
07:53:23.405 [main] INFO  o.s.s.web.DefaultSecurityFilterChain - Will secure any request with [org.springframework.security.web.context.request.async.WebAsyncManagerIntegrationFilter@13976c57, org.springframework.security.web.context.SecurityContextPersistenceFilter@4dc5b887, org.springframework.security.web.header.HeaderWriterFilter@4198921f, org.springframework.security.web.authentication.logout.LogoutFilter@4d2f8ee7, org.springframework.security.web.session.ConcurrentSessionFilter@6c569caf, org.springframework.security.web.authentication.www.BasicAuthenticationFilter@68c3aa38, org.springframework.security.web.savedrequest.RequestCacheAwareFilter@524418a2, org.springframework.security.web.servletapi.SecurityContextHolderAwareRequestFilter@1c80f8dd, org.springframework.security.web.authentication.AnonymousAuthenticationFilter@10b7b5f0, org.springframework.security.web.session.SessionManagementFilter@78e34499, org.springframework.security.web.access.ExceptionTranslationFilter@56017274, org.springframework.security.web.access.intercept.FilterSecurityInterceptor@1e733bb5]
07:53:24.090 [main] INFO  c.e.a.AssignmentApplicationTest - Started AssignmentApplicationTest in 2.603 seconds (JVM running for 4.141)
07:53:24.949 [main] INFO  o.s.mock.web.MockServletContext - Initializing Spring TestDispatcherServlet ''
07:53:24.949 [main] INFO  o.s.t.w.s.TestDispatcherServlet - Initializing Servlet ''
07:53:24.949 [main] INFO  o.s.t.w.s.TestDispatcherServlet - Completed initialization in 0 ms
07:53:25.181 [main] INFO  c.e.a.controller.LoginController - User logged in successfully
07:53:25.325 [main] ERROR c.e.a.controller.StatementController - Invalid date range: from date should be before to date
07:53:25.340 [main] ERROR c.e.a.controller.StatementController - Invalid account ID
07:53:25.370 [main] ERROR c.e.a.controller.StatementController - Invalid amount range: To amount should be geater than  from amount
07:55:50.874 [main] INFO  c.e.a.AssignmentApplicationTest - Starting AssignmentApplicationTest using Java 17.0.8 on Khaoula with PID 10252 (started by jbeli in C:\Users\jbeli\OneDrive\Documents\assignmentNew\Assignment\assignment)
07:55:50.874 [main] INFO  c.e.a.AssignmentApplicationTest - No active profile set, falling back to default profiles: default
07:55:52.365 [main] INFO  o.s.s.web.DefaultSecurityFilterChain - Will secure any request with [org.springframework.security.web.context.request.async.WebAsyncManagerIntegrationFilter@3ecc9baa, org.springframework.security.web.context.SecurityContextPersistenceFilter@3b72860c, org.springframework.security.web.header.HeaderWriterFilter@4e93d23e, org.springframework.security.web.authentication.logout.LogoutFilter@1c76b2fe, org.springframework.security.web.session.ConcurrentSessionFilter@322593ed, org.springframework.security.web.authentication.www.BasicAuthenticationFilter@c76762, org.springframework.security.web.savedrequest.RequestCacheAwareFilter@399a5a52, org.springframework.security.web.servletapi.SecurityContextHolderAwareRequestFilter@951461a, org.springframework.security.web.authentication.AnonymousAuthenticationFilter@4f2a9903, org.springframework.security.web.session.SessionManagementFilter@7e1ce99c, org.springframework.security.web.access.ExceptionTranslationFilter@318a81a0, org.springframework.security.web.access.intercept.FilterSecurityInterceptor@5d200dce]
07:55:53.108 [main] INFO  c.e.a.AssignmentApplicationTest - Started AssignmentApplicationTest in 2.693 seconds (JVM running for 4.198)
07:55:53.930 [main] INFO  o.s.mock.web.MockServletContext - Initializing Spring TestDispatcherServlet ''
07:55:53.930 [main] INFO  o.s.t.w.s.TestDispatcherServlet - Initializing Servlet ''
07:55:53.930 [main] INFO  o.s.t.w.s.TestDispatcherServlet - Completed initialization in 0 ms
07:55:54.119 [main] INFO  c.e.a.controller.LoginController - User logged in successfully
07:55:54.166 [main] ERROR c.e.a.controller.StatementController - Invalid date range: from date should be before to date
07:55:54.166 [main] ERROR c.e.a.controller.StatementController - Invalid account ID
07:55:54.182 [main] ERROR c.e.a.controller.StatementController - Invalid amount range: To amount should be geater than  from amount
