10:06:06.035 [restartedMain] INFO  c.e.assignment.AssignmentApplication - Starting AssignmentApplication using Java 19.0.1 on Khaoula with PID 30516 (C:\Users\jbeli\eclipse-workspace\assignment.zip_expanded\assignment\target\classes started by jbeli in C:\Users\jbeli\eclipse-workspace\assignment.zip_expanded\assignment)
10:06:06.036 [restartedMain] INFO  c.e.assignment.AssignmentApplication - No active profile set, falling back to default profiles: default
10:06:06.178 [restartedMain] INFO  o.s.b.w.e.tomcat.TomcatWebServer - Tomcat initialized with port(s): 8082 (http)
10:06:06.180 [restartedMain] INFO  o.a.catalina.core.StandardService - Starting service [Tomcat]
10:06:06.181 [restartedMain] INFO  o.a.catalina.core.StandardEngine - Starting Servlet engine: [Apache Tomcat/9.0.56]
10:06:06.193 [restartedMain] INFO  o.a.c.c.C.[Tomcat-1].[localhost].[/] - Initializing Spring embedded WebApplicationContext
10:06:06.193 [restartedMain] INFO  o.s.b.w.s.c.ServletWebServerApplicationContext - Root WebApplicationContext: initialization completed in 156 ms
10:06:06.221 [restartedMain] INFO  o.s.s.web.DefaultSecurityFilterChain - Will secure any request with [org.springframework.security.web.context.request.async.WebAsyncManagerIntegrationFilter@1defe669, org.springframework.security.web.context.SecurityContextPersistenceFilter@2eeab7cb, org.springframework.security.web.header.HeaderWriterFilter@561b8929, org.springframework.security.web.authentication.logout.LogoutFilter@2c71b64f, org.springframework.security.web.session.ConcurrentSessionFilter@8dd2a03, org.springframework.security.web.authentication.www.BasicAuthenticationFilter@3c6fd965, org.springframework.security.web.savedrequest.RequestCacheAwareFilter@243221fe, org.springframework.security.web.servletapi.SecurityContextHolderAwareRequestFilter@3632ae77, org.springframework.security.web.authentication.AnonymousAuthenticationFilter@788d8b73, org.springframework.security.web.session.SessionManagementFilter@435a3906, org.springframework.security.web.access.ExceptionTranslationFilter@7dfb7d5e, org.springframework.security.web.access.intercept.FilterSecurityInterceptor@67b2545a]
10:06:06.250 [restartedMain] INFO  o.s.b.d.a.OptionalLiveReloadServer - LiveReload server is running on port 35729
10:06:06.257 [restartedMain] INFO  o.s.b.w.e.tomcat.TomcatWebServer - Tomcat started on port(s): 8082 (http) with context path ''
10:06:06.259 [restartedMain] INFO  c.e.assignment.AssignmentApplication - Started AssignmentApplication in 0.273 seconds (JVM running for 561.969)
10:06:06.260 [restartedMain] INFO  o.s.b.d.a.ConditionEvaluationDeltaLoggingListener - Condition evaluation unchanged
10:06:55.667 [restartedMain] INFO  c.e.assignment.AssignmentApplication - Starting AssignmentApplication using Java 19.0.1 on Khaoula with PID 30516 (C:\Users\jbeli\eclipse-workspace\assignment.zip_expanded\assignment\target\classes started by jbeli in C:\Users\jbeli\eclipse-workspace\assignment.zip_expanded\assignment)
10:06:55.667 [restartedMain] INFO  c.e.assignment.AssignmentApplication - No active profile set, falling back to default profiles: default
10:06:55.821 [restartedMain] INFO  o.s.b.w.e.tomcat.TomcatWebServer - Tomcat initialized with port(s): 8082 (http)
10:06:55.821 [restartedMain] INFO  o.a.catalina.core.StandardService - Starting service [Tomcat]
10:06:55.821 [restartedMain] INFO  o.a.catalina.core.StandardEngine - Starting Servlet engine: [Apache Tomcat/9.0.56]
10:06:55.837 [restartedMain] INFO  o.a.c.c.C.[Tomcat-1].[localhost].[/] - Initializing Spring embedded WebApplicationContext
10:06:55.837 [restartedMain] INFO  o.s.b.w.s.c.ServletWebServerApplicationContext - Root WebApplicationContext: initialization completed in 168 ms
10:06:55.862 [restartedMain] INFO  o.s.s.web.DefaultSecurityFilterChain - Will secure any request with [org.springframework.security.web.context.request.async.WebAsyncManagerIntegrationFilter@41e60125, org.springframework.security.web.context.SecurityContextPersistenceFilter@498a8d65, org.springframework.security.web.header.HeaderWriterFilter@63e4ca2e, org.springframework.security.web.authentication.logout.LogoutFilter@3a8b0e9b, org.springframework.security.web.session.ConcurrentSessionFilter@80b1534, org.springframework.security.web.authentication.www.BasicAuthenticationFilter@20e75868, org.springframework.security.web.savedrequest.RequestCacheAwareFilter@cfa9bc0, org.springframework.security.web.servletapi.SecurityContextHolderAwareRequestFilter@770557c4, org.springframework.security.web.authentication.AnonymousAuthenticationFilter@214c012c, org.springframework.security.web.session.SessionManagementFilter@2d4ad9d2, org.springframework.security.web.access.ExceptionTranslationFilter@25cc9189, org.springframework.security.web.access.intercept.FilterSecurityInterceptor@7d6ba634]
10:06:55.893 [restartedMain] INFO  o.s.b.d.a.OptionalLiveReloadServer - LiveReload server is running on port 35729
10:06:55.899 [restartedMain] INFO  o.s.b.w.e.tomcat.TomcatWebServer - Tomcat started on port(s): 8082 (http) with context path ''
10:06:55.901 [restartedMain] INFO  c.e.assignment.AssignmentApplication - Started AssignmentApplication in 0.265 seconds (JVM running for 611.611)
10:06:55.902 [restartedMain] INFO  o.s.b.d.a.ConditionEvaluationDeltaLoggingListener - Condition evaluation unchanged
10:07:44.213 [restartedMain] INFO  c.e.assignment.AssignmentApplication - Starting AssignmentApplication using Java 19.0.1 on Khaoula with PID 30516 (C:\Users\jbeli\eclipse-workspace\assignment.zip_expanded\assignment\target\classes started by jbeli in C:\Users\jbeli\eclipse-workspace\assignment.zip_expanded\assignment)
10:07:44.213 [restartedMain] INFO  c.e.assignment.AssignmentApplication - No active profile set, falling back to default profiles: default
10:07:44.362 [restartedMain] INFO  o.s.b.w.e.tomcat.TomcatWebServer - Tomcat initialized with port(s): 8082 (http)
10:07:44.362 [restartedMain] INFO  o.a.catalina.core.StandardService - Starting service [Tomcat]
10:07:44.362 [restartedMain] INFO  o.a.catalina.core.StandardEngine - Starting Servlet engine: [Apache Tomcat/9.0.56]
10:07:44.375 [restartedMain] INFO  o.a.c.c.C.[Tomcat-1].[localhost].[/] - Initializing Spring embedded WebApplicationContext
10:07:44.375 [restartedMain] INFO  o.s.b.w.s.c.ServletWebServerApplicationContext - Root WebApplicationContext: initialization completed in 160 ms
10:07:44.403 [restartedMain] INFO  o.s.s.web.DefaultSecurityFilterChain - Will secure any request with [org.springframework.security.web.context.request.async.WebAsyncManagerIntegrationFilter@2f90fafd, org.springframework.security.web.context.SecurityContextPersistenceFilter@58a5da99, org.springframework.security.web.header.HeaderWriterFilter@74987b19, org.springframework.security.web.authentication.logout.LogoutFilter@4217adde, org.springframework.security.web.session.ConcurrentSessionFilter@3c89bf35, org.springframework.security.web.authentication.www.BasicAuthenticationFilter@262d9d9b, org.springframework.security.web.savedrequest.RequestCacheAwareFilter@6fd22227, org.springframework.security.web.servletapi.SecurityContextHolderAwareRequestFilter@4511a757, org.springframework.security.web.authentication.AnonymousAuthenticationFilter@78c33b29, org.springframework.security.web.session.SessionManagementFilter@1b2639eb, org.springframework.security.web.access.ExceptionTranslationFilter@20d89217, org.springframework.security.web.access.intercept.FilterSecurityInterceptor@45bd8dd3]
10:07:44.434 [restartedMain] INFO  o.s.b.d.a.OptionalLiveReloadServer - LiveReload server is running on port 35729
10:07:44.442 [restartedMain] INFO  o.s.b.w.e.tomcat.TomcatWebServer - Tomcat started on port(s): 8082 (http) with context path ''
10:07:44.445 [restartedMain] INFO  c.e.assignment.AssignmentApplication - Started AssignmentApplication in 0.255 seconds (JVM running for 660.155)
10:07:44.446 [restartedMain] INFO  o.s.b.d.a.ConditionEvaluationDeltaLoggingListener - Condition evaluation unchanged
10:08:11.410 [restartedMain] INFO  c.e.assignment.AssignmentApplication - Starting AssignmentApplication using Java 19.0.1 on Khaoula with PID 30516 (C:\Users\jbeli\eclipse-workspace\assignment.zip_expanded\assignment\target\classes started by jbeli in C:\Users\jbeli\eclipse-workspace\assignment.zip_expanded\assignment)
10:08:11.410 [restartedMain] INFO  c.e.assignment.AssignmentApplication - No active profile set, falling back to default profiles: default
10:08:11.573 [restartedMain] INFO  o.s.b.w.e.tomcat.TomcatWebServer - Tomcat initialized with port(s): 8082 (http)
10:08:11.574 [restartedMain] INFO  o.a.catalina.core.StandardService - Starting service [Tomcat]
10:08:11.574 [restartedMain] INFO  o.a.catalina.core.StandardEngine - Starting Servlet engine: [Apache Tomcat/9.0.56]
10:08:11.587 [restartedMain] INFO  o.a.c.c.C.[Tomcat-1].[localhost].[/] - Initializing Spring embedded WebApplicationContext
10:08:11.587 [restartedMain] INFO  o.s.b.w.s.c.ServletWebServerApplicationContext - Root WebApplicationContext: initialization completed in 175 ms
10:08:11.617 [restartedMain] INFO  o.s.s.web.DefaultSecurityFilterChain - Will secure any request with [org.springframework.security.web.context.request.async.WebAsyncManagerIntegrationFilter@78572b02, org.springframework.security.web.context.SecurityContextPersistenceFilter@232b788f, org.springframework.security.web.header.HeaderWriterFilter@6353fba0, org.springframework.security.web.authentication.logout.LogoutFilter@73c4eaff, org.springframework.security.web.session.ConcurrentSessionFilter@177e7b12, org.springframework.security.web.authentication.www.BasicAuthenticationFilter@681afc93, org.springframework.security.web.savedrequest.RequestCacheAwareFilter@5fd919b1, org.springframework.security.web.servletapi.SecurityContextHolderAwareRequestFilter@6f915401, org.springframework.security.web.authentication.AnonymousAuthenticationFilter@39d8de6f, org.springframework.security.web.session.SessionManagementFilter@4ccf86e5, org.springframework.security.web.access.ExceptionTranslationFilter@1f657092, org.springframework.security.web.access.intercept.FilterSecurityInterceptor@b68208f]
10:08:11.651 [restartedMain] INFO  o.s.b.d.a.OptionalLiveReloadServer - LiveReload server is running on port 35729
10:08:11.660 [restartedMain] INFO  o.s.b.w.e.tomcat.TomcatWebServer - Tomcat started on port(s): 8082 (http) with context path ''
10:08:11.664 [restartedMain] INFO  c.e.assignment.AssignmentApplication - Started AssignmentApplication in 0.274 seconds (JVM running for 687.373)
10:08:11.665 [restartedMain] INFO  o.s.b.d.a.ConditionEvaluationDeltaLoggingListener - Condition evaluation unchanged
10:08:36.575 [restartedMain] INFO  c.e.assignment.AssignmentApplication - Starting AssignmentApplication using Java 19.0.1 on Khaoula with PID 30516 (C:\Users\jbeli\eclipse-workspace\assignment.zip_expanded\assignment\target\classes started by jbeli in C:\Users\jbeli\eclipse-workspace\assignment.zip_expanded\assignment)
10:08:36.575 [restartedMain] INFO  c.e.assignment.AssignmentApplication - No active profile set, falling back to default profiles: default
10:08:36.729 [restartedMain] INFO  o.s.b.w.e.tomcat.TomcatWebServer - Tomcat initialized with port(s): 8082 (http)
10:08:36.729 [restartedMain] INFO  o.a.catalina.core.StandardService - Starting service [Tomcat]
10:08:36.730 [restartedMain] INFO  o.a.catalina.core.StandardEngine - Starting Servlet engine: [Apache Tomcat/9.0.56]
10:08:36.743 [restartedMain] INFO  o.a.c.c.C.[Tomcat-1].[localhost].[/] - Initializing Spring embedded WebApplicationContext
10:08:36.743 [restartedMain] INFO  o.s.b.w.s.c.ServletWebServerApplicationContext - Root WebApplicationContext: initialization completed in 165 ms
10:08:36.769 [restartedMain] INFO  o.s.s.web.DefaultSecurityFilterChain - Will secure any request with [org.springframework.security.web.context.request.async.WebAsyncManagerIntegrationFilter@4adba55a, org.springframework.security.web.context.SecurityContextPersistenceFilter@9e12ac6, org.springframework.security.web.header.HeaderWriterFilter@40e6804c, org.springframework.security.web.authentication.logout.LogoutFilter@9dc269f, org.springframework.security.web.session.ConcurrentSessionFilter@5aed6f47, org.springframework.security.web.authentication.www.BasicAuthenticationFilter@b7a2487, org.springframework.security.web.savedrequest.RequestCacheAwareFilter@7d713f56, org.springframework.security.web.servletapi.SecurityContextHolderAwareRequestFilter@384d4d67, org.springframework.security.web.authentication.AnonymousAuthenticationFilter@733e1013, org.springframework.security.web.session.SessionManagementFilter@b99cc0b, org.springframework.security.web.access.ExceptionTranslationFilter@7c15f94d, org.springframework.security.web.access.intercept.FilterSecurityInterceptor@4d0f070c]
10:08:36.801 [restartedMain] INFO  o.s.b.d.a.OptionalLiveReloadServer - LiveReload server is running on port 35729
10:08:36.810 [restartedMain] INFO  o.s.b.w.e.tomcat.TomcatWebServer - Tomcat started on port(s): 8082 (http) with context path ''
10:08:36.813 [restartedMain] INFO  c.e.assignment.AssignmentApplication - Started AssignmentApplication in 0.256 seconds (JVM running for 712.523)
10:08:36.814 [restartedMain] INFO  o.s.b.d.a.ConditionEvaluationDeltaLoggingListener - Condition evaluation unchanged
10:09:20.100 [restartedMain] INFO  c.e.assignment.AssignmentApplication - Starting AssignmentApplication using Java 19.0.1 on Khaoula with PID 30516 (C:\Users\jbeli\eclipse-workspace\assignment.zip_expanded\assignment\target\classes started by jbeli in C:\Users\jbeli\eclipse-workspace\assignment.zip_expanded\assignment)
10:09:20.100 [restartedMain] INFO  c.e.assignment.AssignmentApplication - No active profile set, falling back to default profiles: default
10:09:20.253 [restartedMain] INFO  o.s.b.w.e.tomcat.TomcatWebServer - Tomcat initialized with port(s): 8082 (http)
10:09:20.254 [restartedMain] INFO  o.a.catalina.core.StandardService - Starting service [Tomcat]
10:09:20.254 [restartedMain] INFO  o.a.catalina.core.StandardEngine - Starting Servlet engine: [Apache Tomcat/9.0.56]
10:09:20.266 [restartedMain] INFO  o.a.c.c.C.[Tomcat-1].[localhost].[/] - Initializing Spring embedded WebApplicationContext
10:09:20.267 [restartedMain] INFO  o.s.b.w.s.c.ServletWebServerApplicationContext - Root WebApplicationContext: initialization completed in 165 ms
10:09:20.295 [restartedMain] INFO  o.s.s.web.DefaultSecurityFilterChain - Will secure any request with [org.springframework.security.web.context.request.async.WebAsyncManagerIntegrationFilter@4a46a5b8, org.springframework.security.web.context.SecurityContextPersistenceFilter@58edb1b4, org.springframework.security.web.header.HeaderWriterFilter@1197dd83, org.springframework.security.web.authentication.logout.LogoutFilter@25b949bb, org.springframework.security.web.session.ConcurrentSessionFilter@3fc8f01a, org.springframework.security.web.authentication.www.BasicAuthenticationFilter@4b914374, org.springframework.security.web.savedrequest.RequestCacheAwareFilter@77b904ef, org.springframework.security.web.servletapi.SecurityContextHolderAwareRequestFilter@68dc5f22, org.springframework.security.web.authentication.AnonymousAuthenticationFilter@7433b6c, org.springframework.security.web.session.SessionManagementFilter@b428715, org.springframework.security.web.access.ExceptionTranslationFilter@63a09c53, org.springframework.security.web.access.intercept.FilterSecurityInterceptor@486f9c41]
10:09:20.327 [restartedMain] INFO  o.s.b.d.a.OptionalLiveReloadServer - LiveReload server is running on port 35729
10:09:20.334 [restartedMain] INFO  o.s.b.w.e.tomcat.TomcatWebServer - Tomcat started on port(s): 8082 (http) with context path ''
10:09:20.337 [restartedMain] INFO  c.e.assignment.AssignmentApplication - Started AssignmentApplication in 0.258 seconds (JVM running for 756.047)
10:09:20.337 [restartedMain] INFO  o.s.b.d.a.ConditionEvaluationDeltaLoggingListener - Condition evaluation unchanged
10:10:29.031 [restartedMain] INFO  c.e.assignment.AssignmentApplication - Starting AssignmentApplication using Java 19.0.1 on Khaoula with PID 30516 (C:\Users\jbeli\eclipse-workspace\assignment.zip_expanded\assignment\target\classes started by jbeli in C:\Users\jbeli\eclipse-workspace\assignment.zip_expanded\assignment)
10:10:29.031 [restartedMain] INFO  c.e.assignment.AssignmentApplication - No active profile set, falling back to default profiles: default
10:10:29.175 [restartedMain] INFO  o.s.b.w.e.tomcat.TomcatWebServer - Tomcat initialized with port(s): 8082 (http)
10:10:29.176 [restartedMain] INFO  o.a.catalina.core.StandardService - Starting service [Tomcat]
10:10:29.176 [restartedMain] INFO  o.a.catalina.core.StandardEngine - Starting Servlet engine: [Apache Tomcat/9.0.56]
10:10:29.193 [restartedMain] INFO  o.a.c.c.C.[Tomcat-1].[localhost].[/] - Initializing Spring embedded WebApplicationContext
10:10:29.193 [restartedMain] INFO  o.s.b.w.s.c.ServletWebServerApplicationContext - Root WebApplicationContext: initialization completed in 160 ms
10:10:29.221 [restartedMain] INFO  o.s.s.web.DefaultSecurityFilterChain - Will secure any request with [org.springframework.security.web.context.request.async.WebAsyncManagerIntegrationFilter@7f1427ca, org.springframework.security.web.context.SecurityContextPersistenceFilter@27ca9926, org.springframework.security.web.header.HeaderWriterFilter@13afdb3a, org.springframework.security.web.authentication.logout.LogoutFilter@170849cf, org.springframework.security.web.session.ConcurrentSessionFilter@2355f93c, org.springframework.security.web.authentication.www.BasicAuthenticationFilter@a497e2d, org.springframework.security.web.savedrequest.RequestCacheAwareFilter@4ad1f0ee, org.springframework.security.web.servletapi.SecurityContextHolderAwareRequestFilter@68e877e7, org.springframework.security.web.authentication.AnonymousAuthenticationFilter@3543405a, org.springframework.security.web.session.SessionManagementFilter@bb535d6, org.springframework.security.web.access.ExceptionTranslationFilter@1c23070f, org.springframework.security.web.access.intercept.FilterSecurityInterceptor@e7364af]
10:10:29.253 [restartedMain] INFO  o.s.b.d.a.OptionalLiveReloadServer - LiveReload server is running on port 35729
10:10:29.261 [restartedMain] INFO  o.s.b.w.e.tomcat.TomcatWebServer - Tomcat started on port(s): 8082 (http) with context path ''
10:10:29.264 [restartedMain] INFO  c.e.assignment.AssignmentApplication - Started AssignmentApplication in 0.253 seconds (JVM running for 824.974)
10:10:29.264 [restartedMain] INFO  o.s.b.d.a.ConditionEvaluationDeltaLoggingListener - Condition evaluation unchanged
10:18:35.490 [restartedMain] INFO  c.e.assignment.AssignmentApplication - Starting AssignmentApplication using Java 19.0.1 on Khaoula with PID 30516 (C:\Users\jbeli\eclipse-workspace\assignment.zip_expanded\assignment\target\classes started by jbeli in C:\Users\jbeli\eclipse-workspace\assignment.zip_expanded\assignment)
10:18:35.490 [restartedMain] INFO  c.e.assignment.AssignmentApplication - No active profile set, falling back to default profiles: default
10:18:35.733 [restartedMain] INFO  o.s.b.w.e.tomcat.TomcatWebServer - Tomcat initialized with port(s): 8082 (http)
10:18:35.734 [restartedMain] INFO  o.a.catalina.core.StandardService - Starting service [Tomcat]
10:18:35.734 [restartedMain] INFO  o.a.catalina.core.StandardEngine - Starting Servlet engine: [Apache Tomcat/9.0.56]
10:18:35.755 [restartedMain] INFO  o.a.c.c.C.[Tomcat-1].[localhost].[/] - Initializing Spring embedded WebApplicationContext
10:18:35.755 [restartedMain] INFO  o.s.b.w.s.c.ServletWebServerApplicationContext - Root WebApplicationContext: initialization completed in 262 ms
10:18:35.799 [restartedMain] INFO  o.s.s.web.DefaultSecurityFilterChain - Will secure any request with [org.springframework.security.web.context.request.async.WebAsyncManagerIntegrationFilter@26c5b9a, org.springframework.security.web.context.SecurityContextPersistenceFilter@7ec82ba1, org.springframework.security.web.header.HeaderWriterFilter@54a12f94, org.springframework.security.web.authentication.logout.LogoutFilter@1723fab4, org.springframework.security.web.session.ConcurrentSessionFilter@2f4c5cbc, org.springframework.security.web.authentication.www.BasicAuthenticationFilter@36639fcc, org.springframework.security.web.savedrequest.RequestCacheAwareFilter@23486663, org.springframework.security.web.servletapi.SecurityContextHolderAwareRequestFilter@5f65b70, org.springframework.security.web.authentication.AnonymousAuthenticationFilter@4bc9beb5, org.springframework.security.web.session.SessionManagementFilter@11d6e9cb, org.springframework.security.web.access.ExceptionTranslationFilter@2cafaf43, org.springframework.security.web.access.intercept.FilterSecurityInterceptor@6e1db314]
10:18:35.838 [restartedMain] INFO  o.s.b.d.a.OptionalLiveReloadServer - LiveReload server is running on port 35729
10:18:35.844 [restartedMain] INFO  o.s.b.w.e.tomcat.TomcatWebServer - Tomcat started on port(s): 8082 (http) with context path ''
10:18:35.847 [restartedMain] INFO  c.e.assignment.AssignmentApplication - Started AssignmentApplication in 0.383 seconds (JVM running for 1311.557)
10:18:35.848 [restartedMain] INFO  o.s.b.d.a.ConditionEvaluationDeltaLoggingListener - Condition evaluation unchanged
10:18:39.424 [restartedMain] INFO  c.e.assignment.AssignmentApplication - Starting AssignmentApplication using Java 19.0.1 on Khaoula with PID 30516 (C:\Users\jbeli\eclipse-workspace\assignment.zip_expanded\assignment\target\classes started by jbeli in C:\Users\jbeli\eclipse-workspace\assignment.zip_expanded\assignment)
10:18:39.425 [restartedMain] INFO  c.e.assignment.AssignmentApplication - No active profile set, falling back to default profiles: default
10:18:39.573 [restartedMain] INFO  o.s.b.w.e.tomcat.TomcatWebServer - Tomcat initialized with port(s): 8082 (http)
10:18:39.573 [restartedMain] INFO  o.a.catalina.core.StandardService - Starting service [Tomcat]
10:18:39.573 [restartedMain] INFO  o.a.catalina.core.StandardEngine - Starting Servlet engine: [Apache Tomcat/9.0.56]
10:18:39.585 [restartedMain] INFO  o.a.c.c.C.[Tomcat-1].[localhost].[/] - Initializing Spring embedded WebApplicationContext
10:18:39.585 [restartedMain] INFO  o.s.b.w.s.c.ServletWebServerApplicationContext - Root WebApplicationContext: initialization completed in 158 ms
10:18:39.614 [restartedMain] INFO  o.s.s.web.DefaultSecurityFilterChain - Will secure any request with [org.springframework.security.web.context.request.async.WebAsyncManagerIntegrationFilter@4688c28d, org.springframework.security.web.context.SecurityContextPersistenceFilter@764595c3, org.springframework.security.web.header.HeaderWriterFilter@4b28aa9f, org.springframework.security.web.authentication.logout.LogoutFilter@1d293ee8, org.springframework.security.web.session.ConcurrentSessionFilter@1ada04e2, org.springframework.security.web.authentication.www.BasicAuthenticationFilter@772d4402, org.springframework.security.web.savedrequest.RequestCacheAwareFilter@78b7b5c6, org.springframework.security.web.servletapi.SecurityContextHolderAwareRequestFilter@dafa816, org.springframework.security.web.authentication.AnonymousAuthenticationFilter@489f99dd, org.springframework.security.web.session.SessionManagementFilter@745027a9, org.springframework.security.web.access.ExceptionTranslationFilter@313bb91b, org.springframework.security.web.access.intercept.FilterSecurityInterceptor@76af666e]
10:18:39.642 [restartedMain] INFO  o.s.b.d.a.OptionalLiveReloadServer - LiveReload server is running on port 35729
10:18:39.647 [restartedMain] INFO  o.s.b.w.e.tomcat.TomcatWebServer - Tomcat started on port(s): 8082 (http) with context path ''
10:18:39.650 [restartedMain] INFO  c.e.assignment.AssignmentApplication - Started AssignmentApplication in 0.247 seconds (JVM running for 1315.36)
10:18:39.651 [restartedMain] INFO  o.s.b.d.a.ConditionEvaluationDeltaLoggingListener - Condition evaluation unchanged
10:18:54.400 [restartedMain] INFO  c.e.assignment.AssignmentApplication - Starting AssignmentApplication using Java 19.0.1 on Khaoula with PID 30516 (C:\Users\jbeli\eclipse-workspace\assignment.zip_expanded\assignment\target\classes started by jbeli in C:\Users\jbeli\eclipse-workspace\assignment.zip_expanded\assignment)
10:18:54.401 [restartedMain] INFO  c.e.assignment.AssignmentApplication - No active profile set, falling back to default profiles: default
10:18:54.535 [restartedMain] INFO  o.s.b.w.e.tomcat.TomcatWebServer - Tomcat initialized with port(s): 8082 (http)
10:18:54.535 [restartedMain] INFO  o.a.catalina.core.StandardService - Starting service [Tomcat]
10:18:54.535 [restartedMain] INFO  o.a.catalina.core.StandardEngine - Starting Servlet engine: [Apache Tomcat/9.0.56]
10:18:54.549 [restartedMain] INFO  o.a.c.c.C.[Tomcat-1].[localhost].[/] - Initializing Spring embedded WebApplicationContext
10:18:54.549 [restartedMain] INFO  o.s.b.w.s.c.ServletWebServerApplicationContext - Root WebApplicationContext: initialization completed in 146 ms
10:18:54.585 [restartedMain] INFO  o.s.s.web.DefaultSecurityFilterChain - Will secure any request with [org.springframework.security.web.context.request.async.WebAsyncManagerIntegrationFilter@514fc531, org.springframework.security.web.context.SecurityContextPersistenceFilter@7b807600, org.springframework.security.web.header.HeaderWriterFilter@214c3bb2, org.springframework.security.web.authentication.logout.LogoutFilter@6a0d61e3, org.springframework.security.web.session.ConcurrentSessionFilter@7bf2f665, org.springframework.security.web.authentication.www.BasicAuthenticationFilter@eec32c8, org.springframework.security.web.savedrequest.RequestCacheAwareFilter@3b515369, org.springframework.security.web.servletapi.SecurityContextHolderAwareRequestFilter@7ee8b5ab, org.springframework.security.web.authentication.AnonymousAuthenticationFilter@575360b0, org.springframework.security.web.session.SessionManagementFilter@6855a525, org.springframework.security.web.access.ExceptionTranslationFilter@6a9d5df6, org.springframework.security.web.access.intercept.FilterSecurityInterceptor@a975896]
10:18:54.614 [restartedMain] INFO  o.s.b.d.a.OptionalLiveReloadServer - LiveReload server is running on port 35729
10:18:54.620 [restartedMain] INFO  o.s.b.w.e.tomcat.TomcatWebServer - Tomcat started on port(s): 8082 (http) with context path ''
10:18:54.623 [restartedMain] INFO  c.e.assignment.AssignmentApplication - Started AssignmentApplication in 0.244 seconds (JVM running for 1330.333)
10:18:54.626 [restartedMain] INFO  o.s.b.d.a.ConditionEvaluationDeltaLoggingListener - Condition evaluation unchanged
10:18:55.715 [RMI TCP Connection(24)-127.0.0.1] INFO  o.s.b.a.SpringApplicationAdminMXBeanRegistrar$SpringApplicationAdmin - Application shutdown requested.
11:36:38.578 [restartedMain] INFO  c.e.assignment.AssignmentApplication - Starting AssignmentApplication using Java 19.0.1 on Khaoula with PID 27016 (C:\Users\jbeli\eclipse-workspace\assignment.zip_expanded\assignment\target\classes started by jbeli in C:\Users\jbeli\eclipse-workspace\assignment.zip_expanded\assignment)
11:36:38.579 [restartedMain] INFO  c.e.assignment.AssignmentApplication - No active profile set, falling back to default profiles: default
11:36:38.630 [restartedMain] INFO  o.s.b.d.e.DevToolsPropertyDefaultsPostProcessor - Devtools property defaults active! Set 'spring.devtools.add-properties' to 'false' to disable
11:36:38.630 [restartedMain] INFO  o.s.b.d.e.DevToolsPropertyDefaultsPostProcessor - For additional web related logging consider setting the 'logging.level.web' property to 'DEBUG'
11:36:39.738 [restartedMain] INFO  o.s.b.w.e.tomcat.TomcatWebServer - Tomcat initialized with port(s): 8082 (http)
11:36:39.750 [restartedMain] INFO  o.a.coyote.http11.Http11NioProtocol - Initializing ProtocolHandler ["http-nio-8082"]
11:36:39.750 [restartedMain] INFO  o.a.catalina.core.StandardService - Starting service [Tomcat]
11:36:39.750 [restartedMain] INFO  o.a.catalina.core.StandardEngine - Starting Servlet engine: [Apache Tomcat/9.0.56]
11:36:39.842 [restartedMain] INFO  o.a.c.c.C.[Tomcat].[localhost].[/] - Initializing Spring embedded WebApplicationContext
11:36:39.842 [restartedMain] INFO  o.s.b.w.s.c.ServletWebServerApplicationContext - Root WebApplicationContext: initialization completed in 1211 ms
11:36:40.097 [restartedMain] INFO  o.s.s.web.DefaultSecurityFilterChain - Will secure any request with [org.springframework.security.web.context.request.async.WebAsyncManagerIntegrationFilter@40017854, org.springframework.security.web.context.SecurityContextPersistenceFilter@548de647, org.springframework.security.web.header.HeaderWriterFilter@2e981818, org.springframework.security.web.authentication.logout.LogoutFilter@4f9cd8f7, org.springframework.security.web.session.ConcurrentSessionFilter@642e59c8, org.springframework.security.web.authentication.www.BasicAuthenticationFilter@6ba3a94, org.springframework.security.web.savedrequest.RequestCacheAwareFilter@75a1f927, org.springframework.security.web.servletapi.SecurityContextHolderAwareRequestFilter@27915f9b, org.springframework.security.web.authentication.AnonymousAuthenticationFilter@6860c7b6, org.springframework.security.web.session.SessionManagementFilter@513613e8, org.springframework.security.web.access.ExceptionTranslationFilter@68d0a4ea, org.springframework.security.web.access.intercept.FilterSecurityInterceptor@fc440c]
11:36:40.346 [restartedMain] INFO  o.s.b.d.a.OptionalLiveReloadServer - LiveReload server is running on port 35729
11:36:40.360 [restartedMain] INFO  o.a.coyote.http11.Http11NioProtocol - Starting ProtocolHandler ["http-nio-8082"]
11:36:40.407 [restartedMain] INFO  o.s.b.w.e.tomcat.TomcatWebServer - Tomcat started on port(s): 8082 (http) with context path ''
11:36:40.418 [restartedMain] INFO  c.e.assignment.AssignmentApplication - Started AssignmentApplication in 2.224 seconds (JVM running for 2.926)
11:38:29.436 [restartedMain] INFO  c.e.assignment.AssignmentApplication - Starting AssignmentApplication using Java 19.0.1 on Khaoula with PID 27016 (C:\Users\jbeli\eclipse-workspace\assignment.zip_expanded\assignment\target\classes started by jbeli in C:\Users\jbeli\eclipse-workspace\assignment.zip_expanded\assignment)
11:38:29.437 [restartedMain] INFO  c.e.assignment.AssignmentApplication - No active profile set, falling back to default profiles: default
11:38:29.651 [restartedMain] INFO  o.s.b.w.e.tomcat.TomcatWebServer - Tomcat initialized with port(s): 8082 (http)
11:38:29.652 [restartedMain] INFO  o.a.coyote.http11.Http11NioProtocol - Initializing ProtocolHandler ["http-nio-8082"]
11:38:29.652 [restartedMain] INFO  o.a.catalina.core.StandardService - Starting service [Tomcat]
11:38:29.652 [restartedMain] INFO  o.a.catalina.core.StandardEngine - Starting Servlet engine: [Apache Tomcat/9.0.56]
11:38:29.672 [restartedMain] INFO  o.a.c.c.C.[Tomcat].[localhost].[/] - Initializing Spring embedded WebApplicationContext
11:38:29.672 [restartedMain] INFO  o.s.b.w.s.c.ServletWebServerApplicationContext - Root WebApplicationContext: initialization completed in 232 ms
11:38:29.718 [restartedMain] INFO  o.s.s.web.DefaultSecurityFilterChain - Will secure any request with [org.springframework.security.web.context.request.async.WebAsyncManagerIntegrationFilter@1578558e, org.springframework.security.web.context.SecurityContextPersistenceFilter@4131a098, org.springframework.security.web.header.HeaderWriterFilter@1cdb63be, org.springframework.security.web.authentication.logout.LogoutFilter@717c4daa, org.springframework.security.web.session.ConcurrentSessionFilter@3a0a30cb, org.springframework.security.web.authentication.www.BasicAuthenticationFilter@efafb9e, org.springframework.security.web.savedrequest.RequestCacheAwareFilter@630ed93, org.springframework.security.web.servletapi.SecurityContextHolderAwareRequestFilter@5662e19d, org.springframework.security.web.authentication.AnonymousAuthenticationFilter@4f7088a0, org.springframework.security.web.session.SessionManagementFilter@71f43ec6, org.springframework.security.web.access.ExceptionTranslationFilter@83e6fd5, org.springframework.security.web.access.intercept.FilterSecurityInterceptor@2675101c]
11:38:29.769 [restartedMain] INFO  o.s.b.d.a.OptionalLiveReloadServer - LiveReload server is running on port 35729
11:38:29.777 [restartedMain] INFO  o.a.coyote.http11.Http11NioProtocol - Starting ProtocolHandler ["http-nio-8082"]
11:38:29.779 [restartedMain] INFO  o.s.b.w.e.tomcat.TomcatWebServer - Tomcat started on port(s): 8082 (http) with context path ''
11:38:29.783 [restartedMain] INFO  c.e.assignment.AssignmentApplication - Started AssignmentApplication in 0.381 seconds (JVM running for 112.291)
11:38:29.785 [restartedMain] INFO  o.s.b.d.a.ConditionEvaluationDeltaLoggingListener - Condition evaluation unchanged
12:23:15.299 [main] INFO  c.e.a.AssignmentApplicationTests - Starting AssignmentApplicationTests using Java 19.0.1 on Khaoula with PID 29392 (started by jbeli in C:\Users\jbeli\eclipse-workspace\assignment.zip_expanded\assignment)
12:23:15.301 [main] INFO  c.e.a.AssignmentApplicationTests - No active profile set, falling back to default profiles: default
12:23:17.296 [main] INFO  o.s.s.web.DefaultSecurityFilterChain - Will secure any request with [org.springframework.security.web.context.request.async.WebAsyncManagerIntegrationFilter@73753326, org.springframework.security.web.context.SecurityContextPersistenceFilter@63fde7ca, org.springframework.security.web.header.HeaderWriterFilter@6344004d, org.springframework.security.web.authentication.logout.LogoutFilter@51d34f02, org.springframework.security.web.session.ConcurrentSessionFilter@40ef1934, org.springframework.security.web.authentication.www.BasicAuthenticationFilter@c770b57, org.springframework.security.web.savedrequest.RequestCacheAwareFilter@32b8992e, org.springframework.security.web.servletapi.SecurityContextHolderAwareRequestFilter@1e37cb10, org.springframework.security.web.authentication.AnonymousAuthenticationFilter@24f77077, org.springframework.security.web.session.SessionManagementFilter@4560eb15, org.springframework.security.web.access.ExceptionTranslationFilter@34d26a68, org.springframework.security.web.access.intercept.FilterSecurityInterceptor@659e003e]
12:23:18.296 [main] INFO  c.e.a.AssignmentApplicationTests - Started AssignmentApplicationTests in 3.623 seconds (JVM running for 5.333)
12:23:19.199 [main] INFO  c.e.a.controller.StatementController - statement List returned []
12:23:19.228 [main] INFO  c.e.a.controller.StatementController - statement List returned []
12:28:30.217 [restartedMain] INFO  c.e.assignment.AssignmentApplication - Starting AssignmentApplication using Java 17.0.5 on Khaoula with PID 30476 (C:\Users\jbeli\eclipse-workspace\assignment.zip_expanded\assignment\target\classes started by jbeli in C:\Users\jbeli\eclipse-workspace\assignment.zip_expanded\assignment)
12:28:30.218 [restartedMain] INFO  c.e.assignment.AssignmentApplication - No active profile set, falling back to default profiles: default
12:28:30.259 [restartedMain] INFO  o.s.b.d.e.DevToolsPropertyDefaultsPostProcessor - Devtools property defaults active! Set 'spring.devtools.add-properties' to 'false' to disable
12:28:30.259 [restartedMain] INFO  o.s.b.d.e.DevToolsPropertyDefaultsPostProcessor - For additional web related logging consider setting the 'logging.level.web' property to 'DEBUG'
12:28:30.992 [restartedMain] INFO  o.s.b.w.e.tomcat.TomcatWebServer - Tomcat initialized with port(s): 8082 (http)
12:28:30.999 [restartedMain] INFO  o.a.coyote.http11.Http11NioProtocol - Initializing ProtocolHandler ["http-nio-8082"]
12:28:31.000 [restartedMain] INFO  o.a.catalina.core.StandardService - Starting service [Tomcat]
12:28:31.000 [restartedMain] INFO  o.a.catalina.core.StandardEngine - Starting Servlet engine: [Apache Tomcat/9.0.56]
12:28:31.063 [restartedMain] INFO  o.a.c.c.C.[Tomcat].[localhost].[/] - Initializing Spring embedded WebApplicationContext
12:28:31.064 [restartedMain] INFO  o.s.b.w.s.c.ServletWebServerApplicationContext - Root WebApplicationContext: initialization completed in 805 ms
12:28:31.267 [restartedMain] INFO  o.s.s.web.DefaultSecurityFilterChain - Will secure any request with [org.springframework.security.web.context.request.async.WebAsyncManagerIntegrationFilter@412c6a3f, org.springframework.security.web.context.SecurityContextPersistenceFilter@8faa3c9, org.springframework.security.web.header.HeaderWriterFilter@47e32671, org.springframework.security.web.authentication.logout.LogoutFilter@7bf3f79b, org.springframework.security.web.session.ConcurrentSessionFilter@1097c090, org.springframework.security.web.authentication.www.BasicAuthenticationFilter@173e5a15, org.springframework.security.web.savedrequest.RequestCacheAwareFilter@486f025f, org.springframework.security.web.servletapi.SecurityContextHolderAwareRequestFilter@7e453885, org.springframework.security.web.authentication.AnonymousAuthenticationFilter@46bf18f9, org.springframework.security.web.session.SessionManagementFilter@4c531519, org.springframework.security.web.access.ExceptionTranslationFilter@45ed51e1, org.springframework.security.web.access.intercept.FilterSecurityInterceptor@7d63c8df]
12:28:31.464 [restartedMain] INFO  o.s.b.d.a.OptionalLiveReloadServer - LiveReload server is running on port 35729
12:28:31.477 [restartedMain] INFO  o.a.coyote.http11.Http11NioProtocol - Starting ProtocolHandler ["http-nio-8082"]
12:28:31.531 [restartedMain] INFO  o.s.b.w.e.tomcat.TomcatWebServer - Tomcat started on port(s): 8082 (http) with context path ''
12:28:31.540 [restartedMain] INFO  c.e.assignment.AssignmentApplication - Started AssignmentApplication in 1.686 seconds (JVM running for 2.659)
12:28:36.496 [RMI TCP Connection(2)-127.0.0.1] INFO  o.s.b.a.SpringApplicationAdminMXBeanRegistrar$SpringApplicationAdmin - Application shutdown requested.
12:29:27.352 [main] INFO  c.e.a.AssignmentApplicationTests - Starting AssignmentApplicationTests using Java 17.0.5 on Khaoula with PID 27524 (started by jbeli in C:\Users\jbeli\eclipse-workspace\assignment.zip_expanded\assignment)
12:29:27.355 [main] INFO  c.e.a.AssignmentApplicationTests - No active profile set, falling back to default profiles: default
12:29:29.772 [main] INFO  o.s.s.web.DefaultSecurityFilterChain - Will secure any request with [org.springframework.security.web.context.request.async.WebAsyncManagerIntegrationFilter@1dfd6023, org.springframework.security.web.context.SecurityContextPersistenceFilter@1f4de96e, org.springframework.security.web.header.HeaderWriterFilter@6fd07a56, org.springframework.security.web.authentication.logout.LogoutFilter@5fb05c07, org.springframework.security.web.session.ConcurrentSessionFilter@2821da0a, org.springframework.security.web.authentication.www.BasicAuthenticationFilter@2e8eafb2, org.springframework.security.web.savedrequest.RequestCacheAwareFilter@4bd39edc, org.springframework.security.web.servletapi.SecurityContextHolderAwareRequestFilter@726dd367, org.springframework.security.web.authentication.AnonymousAuthenticationFilter@57859e2c, org.springframework.security.web.session.SessionManagementFilter@58267ba1, org.springframework.security.web.access.ExceptionTranslationFilter@37823482, org.springframework.security.web.access.intercept.FilterSecurityInterceptor@6f70015]
12:29:31.054 [main] INFO  c.e.a.AssignmentApplicationTests - Started AssignmentApplicationTests in 4.47 seconds (JVM running for 7.083)
12:29:32.268 [main] INFO  c.e.a.controller.StatementController - statement List returned []
12:29:32.302 [main] INFO  c.e.a.controller.StatementController - statement List returned []
12:34:37.325 [main] INFO  c.e.a.AssignmentApplicationTests - Starting AssignmentApplicationTests using Java 17.0.5 on Khaoula with PID 12788 (started by jbeli in C:\Users\jbeli\eclipse-workspace\assignment.zip_expanded\assignment)
12:34:37.328 [main] INFO  c.e.a.AssignmentApplicationTests - No active profile set, falling back to default profiles: default
12:34:39.936 [main] INFO  o.s.s.web.DefaultSecurityFilterChain - Will secure any request with [org.springframework.security.web.context.request.async.WebAsyncManagerIntegrationFilter@238d27ef, org.springframework.security.web.context.SecurityContextPersistenceFilter@13f10967, org.springframework.security.web.header.HeaderWriterFilter@3b38f032, org.springframework.security.web.authentication.logout.LogoutFilter@6de2344a, org.springframework.security.web.session.ConcurrentSessionFilter@6d4df1d2, org.springframework.security.web.authentication.www.BasicAuthenticationFilter@6f076c53, org.springframework.security.web.savedrequest.RequestCacheAwareFilter@1f4de96e, org.springframework.security.web.servletapi.SecurityContextHolderAwareRequestFilter@4def900a, org.springframework.security.web.authentication.AnonymousAuthenticationFilter@91c11b6, org.springframework.security.web.session.SessionManagementFilter@76641439, org.springframework.security.web.access.ExceptionTranslationFilter@4e8b36af, org.springframework.security.web.access.intercept.FilterSecurityInterceptor@3ef4a8fb]
12:34:41.210 [main] INFO  c.e.a.AssignmentApplicationTests - Started AssignmentApplicationTests in 4.812 seconds (JVM running for 7.706)
12:34:42.587 [main] INFO  c.e.a.controller.StatementController - statement List returned []
12:34:42.621 [main] INFO  c.e.a.controller.StatementController - statement List returned []
12:35:28.232 [main] INFO  c.e.a.AssignmentApplicationTests - Starting AssignmentApplicationTests using Java 17.0.5 on Khaoula with PID 18564 (started by jbeli in C:\Users\jbeli\eclipse-workspace\assignment.zip_expanded\assignment)
12:35:28.237 [main] INFO  c.e.a.AssignmentApplicationTests - No active profile set, falling back to default profiles: default
12:35:30.850 [main] INFO  o.s.s.web.DefaultSecurityFilterChain - Will secure any request with [org.springframework.security.web.context.request.async.WebAsyncManagerIntegrationFilter@238d27ef, org.springframework.security.web.context.SecurityContextPersistenceFilter@13f10967, org.springframework.security.web.header.HeaderWriterFilter@3b38f032, org.springframework.security.web.authentication.logout.LogoutFilter@6de2344a, org.springframework.security.web.session.ConcurrentSessionFilter@6d4df1d2, org.springframework.security.web.authentication.www.BasicAuthenticationFilter@6f076c53, org.springframework.security.web.savedrequest.RequestCacheAwareFilter@1f4de96e, org.springframework.security.web.servletapi.SecurityContextHolderAwareRequestFilter@4def900a, org.springframework.security.web.authentication.AnonymousAuthenticationFilter@91c11b6, org.springframework.security.web.session.SessionManagementFilter@76641439, org.springframework.security.web.access.ExceptionTranslationFilter@4e8b36af, org.springframework.security.web.access.intercept.FilterSecurityInterceptor@3ef4a8fb]
12:35:31.979 [main] INFO  c.e.a.AssignmentApplicationTests - Started AssignmentApplicationTests in 4.686 seconds (JVM running for 7.421)
12:35:33.283 [main] INFO  c.e.a.controller.StatementController - statement List returned []
12:35:33.319 [main] INFO  c.e.a.controller.StatementController - statement List returned []
12:39:40.773 [main] INFO  c.e.a.AssignmentApplicationTests - Starting AssignmentApplicationTests using Java 17.0.5 on Khaoula with PID 9804 (started by jbeli in C:\Users\jbeli\eclipse-workspace\assignment.zip_expanded\assignment)
12:39:40.776 [main] INFO  c.e.a.AssignmentApplicationTests - No active profile set, falling back to default profiles: default
12:39:43.601 [main] INFO  o.s.s.web.DefaultSecurityFilterChain - Will secure any request with [org.springframework.security.web.context.request.async.WebAsyncManagerIntegrationFilter@c2dab10, org.springframework.security.web.context.SecurityContextPersistenceFilter@53b83897, org.springframework.security.web.header.HeaderWriterFilter@2c8c42c, org.springframework.security.web.authentication.logout.LogoutFilter@74159dc9, org.springframework.security.web.session.ConcurrentSessionFilter@44a7661d, org.springframework.security.web.authentication.www.BasicAuthenticationFilter@604e8a6, org.springframework.security.web.savedrequest.RequestCacheAwareFilter@463746eb, org.springframework.security.web.servletapi.SecurityContextHolderAwareRequestFilter@47d0195b, org.springframework.security.web.authentication.AnonymousAuthenticationFilter@6c4e11d0, org.springframework.security.web.session.SessionManagementFilter@4bd39edc, org.springframework.security.web.access.ExceptionTranslationFilter@27caa186, org.springframework.security.web.access.intercept.FilterSecurityInterceptor@1df8e685]
12:39:44.879 [main] INFO  c.e.a.AssignmentApplicationTests - Started AssignmentApplicationTests in 4.991 seconds (JVM running for 7.78)
12:39:46.239 [main] INFO  c.e.a.controller.StatementController - statement List returned []
12:46:34.606 [main] INFO  c.e.a.AssignmentApplicationTests - Starting AssignmentApplicationTests using Java 17.0.5 on Khaoula with PID 172 (started by jbeli in C:\Users\jbeli\eclipse-workspace\assignment.zip_expanded\assignment)
12:46:34.609 [main] INFO  c.e.a.AssignmentApplicationTests - No active profile set, falling back to default profiles: default
12:46:37.246 [main] INFO  o.s.s.web.DefaultSecurityFilterChain - Will secure any request with [org.springframework.security.web.context.request.async.WebAsyncManagerIntegrationFilter@427c2c96, org.springframework.security.web.context.SecurityContextPersistenceFilter@6bed434d, org.springframework.security.web.header.HeaderWriterFilter@2786b644, org.springframework.security.web.authentication.logout.LogoutFilter@47d0195b, org.springframework.security.web.session.ConcurrentSessionFilter@5032b2e, org.springframework.security.web.authentication.www.BasicAuthenticationFilter@56b66cc6, org.springframework.security.web.savedrequest.RequestCacheAwareFilter@1ebb36df, org.springframework.security.web.servletapi.SecurityContextHolderAwareRequestFilter@1a1dd8eb, org.springframework.security.web.authentication.AnonymousAuthenticationFilter@238d27ef, org.springframework.security.web.session.SessionManagementFilter@4d529dbf, org.springframework.security.web.access.ExceptionTranslationFilter@5605a59b, org.springframework.security.web.access.intercept.FilterSecurityInterceptor@1773faf8]
12:46:38.411 [main] INFO  c.e.a.AssignmentApplicationTests - Started AssignmentApplicationTests in 4.718 seconds (JVM running for 7.296)
12:46:39.582 [main] INFO  c.e.a.controller.StatementController - statement List returned []
12:46:39.606 [main] INFO  c.e.a.controller.StatementController - statement List returned []
13:47:17.019 [main] INFO  c.e.a.AssignmentApplicationTests - Starting AssignmentApplicationTests using Java 17.0.5 on Khaoula with PID 22996 (started by jbeli in C:\Users\jbeli\eclipse-workspace\assignment.zip_expanded\assignment)
13:47:17.021 [main] INFO  c.e.a.AssignmentApplicationTests - No active profile set, falling back to default profiles: default
13:47:19.315 [main] INFO  o.s.s.web.DefaultSecurityFilterChain - Will secure any request with [org.springframework.security.web.context.request.async.WebAsyncManagerIntegrationFilter@6ff87203, org.springframework.security.web.context.SecurityContextPersistenceFilter@321558f8, org.springframework.security.web.header.HeaderWriterFilter@5c20841d, org.springframework.security.web.authentication.logout.LogoutFilter@1259b2a5, org.springframework.security.web.session.ConcurrentSessionFilter@47d0195b, org.springframework.security.web.authentication.www.BasicAuthenticationFilter@489c15e2, org.springframework.security.web.savedrequest.RequestCacheAwareFilter@3a678e40, org.springframework.security.web.servletapi.SecurityContextHolderAwareRequestFilter@12d8e6b6, org.springframework.security.web.authentication.AnonymousAuthenticationFilter@aaf4375, org.springframework.security.web.session.SessionManagementFilter@53945f9c, org.springframework.security.web.access.ExceptionTranslationFilter@34e7cde3, org.springframework.security.web.access.intercept.FilterSecurityInterceptor@4b3b2a4f]
13:47:20.560 [main] INFO  c.e.a.AssignmentApplicationTests - Started AssignmentApplicationTests in 4.299 seconds (JVM running for 6.839)
13:47:21.775 [main] INFO  c.e.a.controller.StatementController - statement List returned []
13:47:21.807 [main] INFO  c.e.a.controller.StatementController - statement List returned []
14:01:41.662 [main] INFO  c.e.a.AssignmentApplicationTests - Starting AssignmentApplicationTests using Java 17.0.5 on Khaoula with PID 27692 (started by jbeli in C:\Users\jbeli\eclipse-workspace\assignment.zip_expanded\assignment)
14:01:41.665 [main] INFO  c.e.a.AssignmentApplicationTests - No active profile set, falling back to default profiles: default
14:01:43.904 [main] INFO  o.s.s.web.DefaultSecurityFilterChain - Will secure any request with [org.springframework.security.web.context.request.async.WebAsyncManagerIntegrationFilter@aaf4375, org.springframework.security.web.context.SecurityContextPersistenceFilter@6a9f8c2f, org.springframework.security.web.header.HeaderWriterFilter@1a1dd8eb, org.springframework.security.web.authentication.logout.LogoutFilter@6779af40, org.springframework.security.web.session.ConcurrentSessionFilter@6de2344a, org.springframework.security.web.authentication.www.BasicAuthenticationFilter@923bf67, org.springframework.security.web.savedrequest.RequestCacheAwareFilter@222dc36c, org.springframework.security.web.servletapi.SecurityContextHolderAwareRequestFilter@6d911985, org.springframework.security.web.authentication.AnonymousAuthenticationFilter@2f2a5064, org.springframework.security.web.session.SessionManagementFilter@53b83897, org.springframework.security.web.access.ExceptionTranslationFilter@2821da0a, org.springframework.security.web.access.intercept.FilterSecurityInterceptor@2e8eafb2]
14:01:44.947 [main] INFO  c.e.a.AssignmentApplicationTests - Started AssignmentApplicationTests in 4.038 seconds (JVM running for 6.507)
14:01:46.036 [main] INFO  c.e.a.controller.StatementController - statement List returned []
14:01:46.065 [main] INFO  c.e.a.controller.StatementController - statement List returned []
14:04:49.374 [main] INFO  c.e.a.AssignmentApplicationTests - Starting AssignmentApplicationTests using Java 17.0.5 on Khaoula with PID 10384 (started by jbeli in C:\Users\jbeli\eclipse-workspace\assignment.zip_expanded\assignment)
14:04:49.376 [main] INFO  c.e.a.AssignmentApplicationTests - No active profile set, falling back to default profiles: default
14:04:51.742 [main] INFO  o.s.s.web.DefaultSecurityFilterChain - Will secure any request with [org.springframework.security.web.context.request.async.WebAsyncManagerIntegrationFilter@427c2c96, org.springframework.security.web.context.SecurityContextPersistenceFilter@6bed434d, org.springframework.security.web.header.HeaderWriterFilter@2786b644, org.springframework.security.web.authentication.logout.LogoutFilter@47d0195b, org.springframework.security.web.session.ConcurrentSessionFilter@5032b2e, org.springframework.security.web.authentication.www.BasicAuthenticationFilter@56b66cc6, org.springframework.security.web.savedrequest.RequestCacheAwareFilter@1ebb36df, org.springframework.security.web.servletapi.SecurityContextHolderAwareRequestFilter@1a1dd8eb, org.springframework.security.web.authentication.AnonymousAuthenticationFilter@238d27ef, org.springframework.security.web.session.SessionManagementFilter@4d529dbf, org.springframework.security.web.access.ExceptionTranslationFilter@5605a59b, org.springframework.security.web.access.intercept.FilterSecurityInterceptor@1773faf8]
14:04:52.790 [main] INFO  c.e.a.AssignmentApplicationTests - Started AssignmentApplicationTests in 4.178 seconds (JVM running for 6.691)
14:04:54.065 [main] INFO  c.e.a.controller.StatementController - statement List returned []
14:04:54.095 [main] INFO  c.e.a.controller.StatementController - statement List returned []
14:06:13.578 [main] INFO  c.e.a.AssignmentApplicationTests - Starting AssignmentApplicationTests using Java 17.0.5 on Khaoula with PID 24996 (started by jbeli in C:\Users\jbeli\eclipse-workspace\assignment.zip_expanded\assignment)
14:06:13.581 [main] INFO  c.e.a.AssignmentApplicationTests - No active profile set, falling back to default profiles: default
14:06:16.293 [main] INFO  o.s.s.web.DefaultSecurityFilterChain - Will secure any request with [org.springframework.security.web.context.request.async.WebAsyncManagerIntegrationFilter@6c4e11d0, org.springframework.security.web.context.SecurityContextPersistenceFilter@28ffa527, org.springframework.security.web.header.HeaderWriterFilter@5032b2e, org.springframework.security.web.authentication.logout.LogoutFilter@53086bdc, org.springframework.security.web.session.ConcurrentSessionFilter@1cdb280b, org.springframework.security.web.authentication.www.BasicAuthenticationFilter@5bc44d78, org.springframework.security.web.savedrequest.RequestCacheAwareFilter@54d9b23a, org.springframework.security.web.servletapi.SecurityContextHolderAwareRequestFilter@6de2344a, org.springframework.security.web.authentication.AnonymousAuthenticationFilter@29088d3d, org.springframework.security.web.session.SessionManagementFilter@3ba50851, org.springframework.security.web.access.ExceptionTranslationFilter@6ebf9c2d, org.springframework.security.web.access.intercept.FilterSecurityInterceptor@78723798]
14:06:17.502 [main] INFO  c.e.a.AssignmentApplicationTests - Started AssignmentApplicationTests in 4.765 seconds (JVM running for 7.554)
14:06:18.928 [main] INFO  c.e.a.controller.StatementController - statement List returned []
14:06:18.957 [main] INFO  c.e.a.controller.StatementController - statement List returned []
14:26:30.171 [main] INFO  c.e.a.AssignmentApplicationTests - Starting AssignmentApplicationTests using Java 17.0.5 on Khaoula with PID 6748 (started by jbeli in C:\Users\jbeli\eclipse-workspace\assignment.zip_expanded\assignment)
14:26:30.173 [main] INFO  c.e.a.AssignmentApplicationTests - No active profile set, falling back to default profiles: default
14:26:31.903 [main] INFO  o.s.s.web.DefaultSecurityFilterChain - Will secure any request with [org.springframework.security.web.context.request.async.WebAsyncManagerIntegrationFilter@818a514, org.springframework.security.web.context.SecurityContextPersistenceFilter@3c577368, org.springframework.security.web.header.HeaderWriterFilter@d164938, org.springframework.security.web.authentication.logout.LogoutFilter@c2191a8, org.springframework.security.web.session.ConcurrentSessionFilter@3ba015b1, org.springframework.security.web.authentication.www.BasicAuthenticationFilter@35d62807, org.springframework.security.web.savedrequest.RequestCacheAwareFilter@2c8c42c, org.springframework.security.web.servletapi.SecurityContextHolderAwareRequestFilter@e7ddf8d, org.springframework.security.web.authentication.AnonymousAuthenticationFilter@7004cd44, org.springframework.security.web.session.SessionManagementFilter@6fd07a56, org.springframework.security.web.access.ExceptionTranslationFilter@4402ed61, org.springframework.security.web.access.intercept.FilterSecurityInterceptor@14764fdd]
14:26:32.704 [main] INFO  c.e.a.AssignmentApplicationTests - Started AssignmentApplicationTests in 3.186 seconds (JVM running for 4.993)
14:26:33.604 [main] INFO  c.e.a.controller.StatementController - statement List returned []
14:54:55.800 [restartedMain] INFO  c.e.assignment.AssignmentApplication - Starting AssignmentApplication using Java 17.0.5 on Khaoula with PID 28808 (C:\Users\jbeli\eclipse-workspace\assignment.zip_expanded\assignment\target\classes started by jbeli in C:\Users\jbeli\eclipse-workspace\assignment.zip_expanded\assignment)
14:54:55.800 [restartedMain] INFO  c.e.assignment.AssignmentApplication - No active profile set, falling back to default profiles: default
14:54:55.842 [restartedMain] INFO  o.s.b.d.e.DevToolsPropertyDefaultsPostProcessor - Devtools property defaults active! Set 'spring.devtools.add-properties' to 'false' to disable
14:54:55.842 [restartedMain] INFO  o.s.b.d.e.DevToolsPropertyDefaultsPostProcessor - For additional web related logging consider setting the 'logging.level.web' property to 'DEBUG'
14:54:56.648 [restartedMain] INFO  o.s.b.w.e.tomcat.TomcatWebServer - Tomcat initialized with port(s): 8082 (http)
14:54:56.657 [restartedMain] INFO  o.a.coyote.http11.Http11NioProtocol - Initializing ProtocolHandler ["http-nio-8082"]
14:54:56.658 [restartedMain] INFO  o.a.catalina.core.StandardService - Starting service [Tomcat]
14:54:56.658 [restartedMain] INFO  o.a.catalina.core.StandardEngine - Starting Servlet engine: [Apache Tomcat/9.0.56]
14:54:56.739 [restartedMain] INFO  o.a.c.c.C.[Tomcat].[localhost].[/] - Initializing Spring embedded WebApplicationContext
14:54:56.739 [restartedMain] INFO  o.s.b.w.s.c.ServletWebServerApplicationContext - Root WebApplicationContext: initialization completed in 897 ms
14:54:56.986 [restartedMain] INFO  o.s.s.web.DefaultSecurityFilterChain - Will secure any request with [org.springframework.security.web.context.request.async.WebAsyncManagerIntegrationFilter@732eb484, org.springframework.security.web.context.SecurityContextPersistenceFilter@3753872b, org.springframework.security.web.header.HeaderWriterFilter@5fcf57fe, org.springframework.security.web.authentication.logout.LogoutFilter@23e55e09, org.springframework.security.web.session.ConcurrentSessionFilter@3ac8045e, org.springframework.security.web.authentication.www.BasicAuthenticationFilter@58f43bb6, org.springframework.security.web.savedrequest.RequestCacheAwareFilter@4d6b0800, org.springframework.security.web.servletapi.SecurityContextHolderAwareRequestFilter@27eff32a, org.springframework.security.web.authentication.AnonymousAuthenticationFilter@3bd42e2e, org.springframework.security.web.session.SessionManagementFilter@2bc44477, org.springframework.security.web.access.ExceptionTranslationFilter@5d1311ad, org.springframework.security.web.access.intercept.FilterSecurityInterceptor@7ca66790]
14:54:57.195 [restartedMain] INFO  o.s.b.d.a.OptionalLiveReloadServer - LiveReload server is running on port 35729
14:54:57.208 [restartedMain] INFO  o.a.coyote.http11.Http11NioProtocol - Starting ProtocolHandler ["http-nio-8082"]
14:54:57.252 [restartedMain] INFO  o.s.b.w.e.tomcat.TomcatWebServer - Tomcat started on port(s): 8082 (http) with context path ''
14:54:57.263 [restartedMain] INFO  c.e.assignment.AssignmentApplication - Started AssignmentApplication in 1.81 seconds (JVM running for 2.451)
14:55:13.123 [http-nio-8082-exec-1] INFO  o.a.c.c.C.[Tomcat].[localhost].[/] - Initializing Spring DispatcherServlet 'dispatcherServlet'
14:55:13.123 [http-nio-8082-exec-1] INFO  o.s.web.servlet.DispatcherServlet - Initializing Servlet 'dispatcherServlet'
14:55:13.124 [http-nio-8082-exec-1] INFO  o.s.web.servlet.DispatcherServlet - Completed initialization in 1 ms
14:55:13.583 [http-nio-8082-exec-1] INFO  c.e.a.controller.LoginController - User logged in successfully
14:55:17.410 [http-nio-8082-exec-3] INFO  c.e.a.controller.StatementController - statement List returned [com.example.assignment.entity.Statement@21bcf2f2, com.example.assignment.entity.Statement@a29c0, com.example.assignment.entity.Statement@3f7ad1c1, com.example.assignment.entity.Statement@21a7c200, com.example.assignment.entity.Statement@67ca8fa4, com.example.assignment.entity.Statement@365feeb4, com.example.assignment.entity.Statement@5f42d567, com.example.assignment.entity.Statement@40eaab4d, com.example.assignment.entity.Statement@736ebb5b, com.example.assignment.entity.Statement@3a0dd1cc, com.example.assignment.entity.Statement@73add207, com.example.assignment.entity.Statement@6608affc, com.example.assignment.entity.Statement@60ba7405, com.example.assignment.entity.Statement@346d4a6f, com.example.assignment.entity.Statement@294d9b0f, com.example.assignment.entity.Statement@a19a695, com.example.assignment.entity.Statement@39b0e18f, com.example.assignment.entity.Statement@67d0fae4, com.example.assignment.entity.Statement@220090f2, com.example.assignment.entity.Statement@65eaa729, com.example.assignment.entity.Statement@5b688e82, com.example.assignment.entity.Statement@3b0f58d1, com.example.assignment.entity.Statement@1d2ed842, com.example.assignment.entity.Statement@2dcdf721, com.example.assignment.entity.Statement@32ce6084, com.example.assignment.entity.Statement@73466fdc, com.example.assignment.entity.Statement@1841553e, com.example.assignment.entity.Statement@5af7dde8, com.example.assignment.entity.Statement@1bfc4c72, com.example.assignment.entity.Statement@5b04f85e, com.example.assignment.entity.Statement@49feaea5]
14:59:00.996 [http-nio-8082-exec-7] INFO  c.e.a.controller.LoginController - User logged in successfully
16:29:14.066 [main] INFO  c.e.a.AssignmentApplicationTests - Starting AssignmentApplicationTests using Java 17.0.5 on Khaoula with PID 12728 (started by jbeli in C:\Users\jbeli\eclipse-workspace\assignment.zip_expanded\assignment)
16:29:14.067 [main] INFO  c.e.a.AssignmentApplicationTests - No active profile set, falling back to default profiles: default
16:29:15.728 [main] INFO  o.s.s.web.DefaultSecurityFilterChain - Will secure any request with [org.springframework.security.web.context.request.async.WebAsyncManagerIntegrationFilter@4f3b11e6, org.springframework.security.web.context.SecurityContextPersistenceFilter@3829306d, org.springframework.security.web.header.HeaderWriterFilter@463746eb, org.springframework.security.web.authentication.logout.LogoutFilter@45430a27, org.springframework.security.web.session.ConcurrentSessionFilter@ab5dde4, org.springframework.security.web.authentication.www.BasicAuthenticationFilter@7f6936cc, org.springframework.security.web.savedrequest.RequestCacheAwareFilter@2db4a84a, org.springframework.security.web.servletapi.SecurityContextHolderAwareRequestFilter@4a7427f9, org.springframework.security.web.authentication.AnonymousAuthenticationFilter@28da5c4d, org.springframework.security.web.session.SessionManagementFilter@6a9f8c2f, org.springframework.security.web.access.ExceptionTranslationFilter@433362e0, org.springframework.security.web.access.intercept.FilterSecurityInterceptor@195888a6]
16:29:16.624 [main] INFO  c.e.a.AssignmentApplicationTests - Started AssignmentApplicationTests in 3.176 seconds (JVM running for 5.024)
16:29:17.649 [main] INFO  c.e.a.controller.StatementController - statement List returned [com.example.assignment.entity.Statement@22a7ff5d]
16:29:17.675 [main] INFO  c.e.a.controller.StatementController - statement List returned [com.example.assignment.entity.Statement@419fc1d6, com.example.assignment.entity.Statement@46c85b61]
16:29:42.062 [restartedMain] INFO  c.e.assignment.AssignmentApplication - Starting AssignmentApplication using Java 17.0.5 on Khaoula with PID 28808 (C:\Users\jbeli\eclipse-workspace\assignment.zip_expanded\assignment\target\classes started by jbeli in C:\Users\jbeli\eclipse-workspace\assignment.zip_expanded\assignment)
16:29:42.062 [restartedMain] INFO  c.e.assignment.AssignmentApplication - No active profile set, falling back to default profiles: default
16:29:42.211 [restartedMain] INFO  o.s.b.w.e.tomcat.TomcatWebServer - Tomcat initialized with port(s): 8082 (http)
16:29:42.211 [restartedMain] INFO  o.a.coyote.http11.Http11NioProtocol - Initializing ProtocolHandler ["http-nio-8082"]
16:29:42.211 [restartedMain] INFO  o.a.catalina.core.StandardService - Starting service [Tomcat]
16:29:42.211 [restartedMain] INFO  o.a.catalina.core.StandardEngine - Starting Servlet engine: [Apache Tomcat/9.0.56]
16:29:42.228 [restartedMain] INFO  o.a.c.c.C.[Tomcat].[localhost].[/] - Initializing Spring embedded WebApplicationContext
16:29:42.228 [restartedMain] INFO  o.s.b.w.s.c.ServletWebServerApplicationContext - Root WebApplicationContext: initialization completed in 162 ms
16:29:42.276 [restartedMain] INFO  o.s.s.web.DefaultSecurityFilterChain - Will secure any request with [org.springframework.security.web.context.request.async.WebAsyncManagerIntegrationFilter@5f0ae9b2, org.springframework.security.web.context.SecurityContextPersistenceFilter@1fa74d37, org.springframework.security.web.header.HeaderWriterFilter@13a5a2c3, org.springframework.security.web.authentication.logout.LogoutFilter@1352301, org.springframework.security.web.session.ConcurrentSessionFilter@4868244f, org.springframework.security.web.authentication.www.BasicAuthenticationFilter@2ce9af74, org.springframework.security.web.savedrequest.RequestCacheAwareFilter@212a57ba, org.springframework.security.web.servletapi.SecurityContextHolderAwareRequestFilter@2d1d0ff8, org.springframework.security.web.authentication.AnonymousAuthenticationFilter@3905a272, org.springframework.security.web.session.SessionManagementFilter@1383f710, org.springframework.security.web.access.ExceptionTranslationFilter@1798100d, org.springframework.security.web.access.intercept.FilterSecurityInterceptor@6152f1c]
16:29:42.321 [restartedMain] INFO  o.s.b.d.a.OptionalLiveReloadServer - LiveReload server is running on port 35729
16:29:42.327 [restartedMain] INFO  o.a.coyote.http11.Http11NioProtocol - Starting ProtocolHandler ["http-nio-8082"]
16:29:42.329 [restartedMain] INFO  o.s.b.w.e.tomcat.TomcatWebServer - Tomcat started on port(s): 8082 (http) with context path ''
16:29:42.332 [restartedMain] INFO  c.e.assignment.AssignmentApplication - Started AssignmentApplication in 0.299 seconds (JVM running for 5692.246)
16:29:42.334 [restartedMain] INFO  o.s.b.d.a.ConditionEvaluationDeltaLoggingListener - Condition evaluation unchanged
16:29:45.467 [RMI TCP Connection(40)-127.0.0.1] INFO  o.s.b.a.SpringApplicationAdminMXBeanRegistrar$SpringApplicationAdmin - Application shutdown requested.
16:30:10.562 [main] INFO  c.e.a.AssignmentApplicationTests - Starting AssignmentApplicationTests using Java 17.0.5 on Khaoula with PID 34280 (started by jbeli in C:\Users\jbeli\eclipse-workspace\assignment.zip_expanded\assignment)
16:30:10.564 [main] INFO  c.e.a.AssignmentApplicationTests - No active profile set, falling back to default profiles: default
16:30:13.182 [main] INFO  o.s.s.web.DefaultSecurityFilterChain - Will secure any request with [org.springframework.security.web.context.request.async.WebAsyncManagerIntegrationFilter@cef23a8, org.springframework.security.web.context.SecurityContextPersistenceFilter@5cef5fc9, org.springframework.security.web.header.HeaderWriterFilter@3e729d46, org.springframework.security.web.authentication.logout.LogoutFilter@28d37d43, org.springframework.security.web.session.ConcurrentSessionFilter@641255d1, org.springframework.security.web.authentication.www.BasicAuthenticationFilter@6e7d9d0, org.springframework.security.web.savedrequest.RequestCacheAwareFilter@73158d35, org.springframework.security.web.servletapi.SecurityContextHolderAwareRequestFilter@2d26c6a2, org.springframework.security.web.authentication.AnonymousAuthenticationFilter@762d2e4c, org.springframework.security.web.session.SessionManagementFilter@3445ddf2, org.springframework.security.web.access.ExceptionTranslationFilter@1cdb280b, org.springframework.security.web.access.intercept.FilterSecurityInterceptor@5bc44d78]
16:30:14.383 [main] INFO  c.e.a.AssignmentApplicationTests - Started AssignmentApplicationTests in 4.576 seconds (JVM running for 6.372)
16:30:15.834 [main] INFO  c.e.a.controller.StatementController - statement List returned [com.example.assignment.entity.Statement@1805b503]
16:30:15.881 [main] INFO  c.e.a.controller.StatementController - statement List returned [com.example.assignment.entity.Statement@6d575cd8, com.example.assignment.entity.Statement@69c00140]
17:33:35.961 [main] INFO  c.e.a.AssignmentApplicationTests - Starting AssignmentApplicationTests using Java 19.0.1 on Khaoula with PID 33992 (started by jbeli in C:\Users\jbeli\eclipse-workspace\assignment.zip_expanded\assignment)
17:33:35.961 [main] INFO  c.e.a.AssignmentApplicationTests - No active profile set, falling back to default profiles: default
17:33:39.594 [main] INFO  o.s.s.web.DefaultSecurityFilterChain - Will secure any request with [org.springframework.security.web.context.request.async.WebAsyncManagerIntegrationFilter@7ec75228, org.springframework.security.web.context.SecurityContextPersistenceFilter@3cfab56d, org.springframework.security.web.header.HeaderWriterFilter@62977afb, org.springframework.security.web.authentication.logout.LogoutFilter@71db6703, org.springframework.security.web.session.ConcurrentSessionFilter@2926f7bd, org.springframework.security.web.authentication.www.BasicAuthenticationFilter@507fecf3, org.springframework.security.web.savedrequest.RequestCacheAwareFilter@441762b8, org.springframework.security.web.servletapi.SecurityContextHolderAwareRequestFilter@12c30824, org.springframework.security.web.authentication.AnonymousAuthenticationFilter@55cf5626, org.springframework.security.web.session.SessionManagementFilter@32d8e58d, org.springframework.security.web.access.ExceptionTranslationFilter@61d9dd15, org.springframework.security.web.access.intercept.FilterSecurityInterceptor@43c3354]
17:33:42.035 [main] INFO  c.e.a.AssignmentApplicationTests - Started AssignmentApplicationTests in 6.682 seconds (JVM running for 8.935)
17:33:44.355 [main] INFO  c.e.a.controller.StatementController - statement List returned [com.example.assignment.entity.Statement@674f22ce]
17:33:44.402 [main] INFO  c.e.a.controller.StatementController - statement List returned [com.example.assignment.entity.Statement@595626b8, com.example.assignment.entity.Statement@1928930]
17:41:30.131 [main] INFO  c.e.a.AssignmentApplicationTests - Starting AssignmentApplicationTests using Java 17.0.8 on Khaoula with PID 24928 (started by jbeli in C:\Users\jbeli\eclipse-workspace\assignment.zip_expanded\assignment)
17:41:30.147 [main] INFO  c.e.a.AssignmentApplicationTests - No active profile set, falling back to default profiles: default
17:41:33.052 [main] INFO  o.s.s.web.DefaultSecurityFilterChain - Will secure any request with [org.springframework.security.web.context.request.async.WebAsyncManagerIntegrationFilter@22cf1808, org.springframework.security.web.context.SecurityContextPersistenceFilter@1e37cb10, org.springframework.security.web.header.HeaderWriterFilter@442151d1, org.springframework.security.web.authentication.logout.LogoutFilter@df04d12, org.springframework.security.web.session.ConcurrentSessionFilter@63fde7ca, org.springframework.security.web.authentication.www.BasicAuthenticationFilter@24f77077, org.springframework.security.web.savedrequest.RequestCacheAwareFilter@3fb42ec7, org.springframework.security.web.servletapi.SecurityContextHolderAwareRequestFilter@c8ed958, org.springframework.security.web.authentication.AnonymousAuthenticationFilter@7156f8cf, org.springframework.security.web.session.SessionManagementFilter@3724ab90, org.springframework.security.web.access.ExceptionTranslationFilter@4144d4a, org.springframework.security.web.access.intercept.FilterSecurityInterceptor@600b3bee]
17:41:34.865 [main] INFO  c.e.a.AssignmentApplicationTests - Started AssignmentApplicationTests in 5.594 seconds (JVM running for 9.165)
17:41:36.740 [main] INFO  c.e.a.controller.StatementController - statement List returned [com.example.assignment.entity.Statement@60b721c9]
17:41:36.783 [main] INFO  c.e.a.controller.StatementController - statement List returned [com.example.assignment.entity.Statement@7d97a1a0, com.example.assignment.entity.Statement@7b4791d9]
19:25:12.897 [main] INFO  c.e.a.AssignmentApplicationTests - Starting AssignmentApplicationTests using Java 17.0.8 on Khaoula with PID 13644 (started by jbeli in C:\Users\jbeli\eclipse-workspace\assignment.zip_expanded\assignment)
19:25:12.920 [main] INFO  c.e.a.AssignmentApplicationTests - No active profile set, falling back to default profiles: default
19:25:16.359 [main] INFO  o.s.s.web.DefaultSecurityFilterChain - Will secure any request with [org.springframework.security.web.context.request.async.WebAsyncManagerIntegrationFilter@7e0b68e5, org.springframework.security.web.context.SecurityContextPersistenceFilter@2926f7bd, org.springframework.security.web.header.HeaderWriterFilter@6a906078, org.springframework.security.web.authentication.logout.LogoutFilter@725490dd, org.springframework.security.web.session.ConcurrentSessionFilter@4c941d19, org.springframework.security.web.authentication.www.BasicAuthenticationFilter@7568134c, org.springframework.security.web.savedrequest.RequestCacheAwareFilter@4e0139, org.springframework.security.web.servletapi.SecurityContextHolderAwareRequestFilter@3cfab56d, org.springframework.security.web.authentication.AnonymousAuthenticationFilter@507fecf3, org.springframework.security.web.session.SessionManagementFilter@2446be5f, org.springframework.security.web.access.ExceptionTranslationFilter@442151d1, org.springframework.security.web.access.intercept.FilterSecurityInterceptor@3314f179]
19:25:17.693 [main] INFO  c.e.a.AssignmentApplicationTests - Started AssignmentApplicationTests in 5.814 seconds (JVM running for 8.393)
19:25:19.066 [main] INFO  c.e.a.controller.StatementController - statement List returned [com.example.assignment.entity.Statement@4b1339bf]
19:25:19.097 [main] INFO  c.e.a.controller.StatementController - statement List returned [com.example.assignment.entity.Statement@1d77762f, com.example.assignment.entity.Statement@7e2bd635]
19:30:18.837 [main] INFO  c.e.a.AssignmentApplicationTests - Starting AssignmentApplicationTests using Java 17.0.8 on Khaoula with PID 16224 (started by jbeli in C:\Users\jbeli\eclipse-workspace\assignment.zip_expanded\assignment)
19:30:18.837 [main] INFO  c.e.a.AssignmentApplicationTests - No active profile set, falling back to default profiles: default
19:30:21.016 [main] INFO  o.s.s.web.DefaultSecurityFilterChain - Will secure any request with [org.springframework.security.web.context.request.async.WebAsyncManagerIntegrationFilter@1016b44e, org.springframework.security.web.context.SecurityContextPersistenceFilter@38213efa, org.springframework.security.web.header.HeaderWriterFilter@4779df3d, org.springframework.security.web.authentication.logout.LogoutFilter@3fc2a1d1, org.springframework.security.web.session.ConcurrentSessionFilter@438a65a7, org.springframework.security.web.authentication.www.BasicAuthenticationFilter@345af277, org.springframework.security.web.savedrequest.RequestCacheAwareFilter@5e75cf7a, org.springframework.security.web.servletapi.SecurityContextHolderAwareRequestFilter@70680f88, org.springframework.security.web.authentication.AnonymousAuthenticationFilter@6c6c93f8, org.springframework.security.web.session.SessionManagementFilter@c8ed958, org.springframework.security.web.access.ExceptionTranslationFilter@5fe4848, org.springframework.security.web.access.intercept.FilterSecurityInterceptor@71dfca65]
19:30:22.069 [main] INFO  c.e.a.AssignmentApplicationTests - Started AssignmentApplicationTests in 3.957 seconds (JVM running for 6.377)
19:30:23.230 [main] INFO  c.e.a.controller.StatementController - statement List returned [com.example.assignment.entity.Statement@545bc8e1]
19:30:23.261 [main] INFO  c.e.a.controller.StatementController - statement List returned [com.example.assignment.entity.Statement@5f324d9f, com.example.assignment.entity.Statement@b7b5e7]
19:39:30.484 [main] INFO  c.e.a.AssignmentApplicationTests - Starting AssignmentApplicationTests using Java 17.0.8 on Khaoula with PID 18824 (started by jbeli in C:\Users\jbeli\eclipse-workspace\assignment.zip_expanded\assignment)
19:39:30.484 [main] INFO  c.e.a.AssignmentApplicationTests - No active profile set, falling back to default profiles: default
19:39:32.782 [main] INFO  o.s.s.web.DefaultSecurityFilterChain - Will secure any request with [org.springframework.security.web.context.request.async.WebAsyncManagerIntegrationFilter@279e85eb, org.springframework.security.web.context.SecurityContextPersistenceFilter@5ae67f05, org.springframework.security.web.header.HeaderWriterFilter@7c31e01f, org.springframework.security.web.authentication.logout.LogoutFilter@12c30824, org.springframework.security.web.session.ConcurrentSessionFilter@13edc1bc, org.springframework.security.web.authentication.www.BasicAuthenticationFilter@2eb31735, org.springframework.security.web.savedrequest.RequestCacheAwareFilter@1659d7d, org.springframework.security.web.servletapi.SecurityContextHolderAwareRequestFilter@151f1734, org.springframework.security.web.authentication.AnonymousAuthenticationFilter@4cb59398, org.springframework.security.web.session.SessionManagementFilter@6a906078, org.springframework.security.web.access.ExceptionTranslationFilter@30a1b2ad, org.springframework.security.web.access.intercept.FilterSecurityInterceptor@e21d73]
19:39:33.675 [main] INFO  c.e.a.AssignmentApplicationTests - Started AssignmentApplicationTests in 3.924 seconds (JVM running for 6.057)
19:39:34.852 [main] INFO  c.e.a.controller.StatementController - statement List returned [com.example.assignment.entity.Statement@6d95b51d]
19:39:34.868 [main] INFO  c.e.a.controller.StatementController - statement List returned [com.example.assignment.entity.Statement@38067d41, com.example.assignment.entity.Statement@7cd50c3d]
20:24:51.880 [main] INFO  c.e.a.AssignmentApplicationTests - Starting AssignmentApplicationTests using Java 17.0.5 on Khaoula with PID 4568 (started by jbeli in C:\Users\jbeli\eclipse-workspace\assignment.zip_expanded\assignment)
20:24:51.882 [main] INFO  c.e.a.AssignmentApplicationTests - No active profile set, falling back to default profiles: default
20:24:53.726 [main] INFO  o.s.s.web.DefaultSecurityFilterChain - Will secure any request with [org.springframework.security.web.context.request.async.WebAsyncManagerIntegrationFilter@5b01b3f8, org.springframework.security.web.context.SecurityContextPersistenceFilter@6ce24203, org.springframework.security.web.header.HeaderWriterFilter@6d911985, org.springframework.security.web.authentication.logout.LogoutFilter@6ab6ec33, org.springframework.security.web.session.ConcurrentSessionFilter@7cf166db, org.springframework.security.web.authentication.www.BasicAuthenticationFilter@410e043b, org.springframework.security.web.savedrequest.RequestCacheAwareFilter@28f081ad, org.springframework.security.web.servletapi.SecurityContextHolderAwareRequestFilter@45430a27, org.springframework.security.web.authentication.AnonymousAuthenticationFilter@27c49f54, org.springframework.security.web.session.SessionManagementFilter@73158d35, org.springframework.security.web.access.ExceptionTranslationFilter@238c63df, org.springframework.security.web.access.intercept.FilterSecurityInterceptor@1eda12b3]
20:24:54.615 [main] INFO  c.e.a.AssignmentApplicationTests - Started AssignmentApplicationTests in 3.289 seconds (JVM running for 5.171)
20:24:55.697 [main] INFO  o.s.mock.web.MockServletContext - Initializing Spring TestDispatcherServlet ''
20:24:55.697 [main] INFO  o.s.t.w.s.TestDispatcherServlet - Initializing Servlet ''
20:24:55.698 [main] INFO  o.s.t.w.s.TestDispatcherServlet - Completed initialization in 1 ms
20:24:55.914 [main] INFO  c.e.a.controller.LoginController - User logged in successfully
20:24:55.967 [main] INFO  c.e.a.controller.StatementController - statement List returned [com.example.assignment.entity.Statement@4fbc04de]
20:24:55.986 [main] INFO  c.e.a.controller.StatementController - statement List returned [com.example.assignment.entity.Statement@787073b3, com.example.assignment.entity.Statement@53a52b3f]
20:27:32.646 [main] INFO  c.e.a.AssignmentApplicationTests - Starting AssignmentApplicationTests using Java 17.0.8 on Khaoula with PID 11992 (started by jbeli in C:\Users\jbeli\eclipse-workspace\assignment.zip_expanded\assignment)
20:27:32.646 [main] INFO  c.e.a.AssignmentApplicationTests - No active profile set, falling back to default profiles: default
20:27:34.703 [main] INFO  o.s.s.web.DefaultSecurityFilterChain - Will secure any request with [org.springframework.security.web.context.request.async.WebAsyncManagerIntegrationFilter@7e0b68e5, org.springframework.security.web.context.SecurityContextPersistenceFilter@2926f7bd, org.springframework.security.web.header.HeaderWriterFilter@6a906078, org.springframework.security.web.authentication.logout.LogoutFilter@725490dd, org.springframework.security.web.session.ConcurrentSessionFilter@4c941d19, org.springframework.security.web.authentication.www.BasicAuthenticationFilter@7568134c, org.springframework.security.web.savedrequest.RequestCacheAwareFilter@4e0139, org.springframework.security.web.servletapi.SecurityContextHolderAwareRequestFilter@3cfab56d, org.springframework.security.web.authentication.AnonymousAuthenticationFilter@507fecf3, org.springframework.security.web.session.SessionManagementFilter@2446be5f, org.springframework.security.web.access.ExceptionTranslationFilter@442151d1, org.springframework.security.web.access.intercept.FilterSecurityInterceptor@3314f179]
20:27:35.675 [main] INFO  c.e.a.AssignmentApplicationTests - Started AssignmentApplicationTests in 3.665 seconds (JVM running for 5.705)
20:27:36.774 [main] INFO  o.s.mock.web.MockServletContext - Initializing Spring TestDispatcherServlet ''
20:27:36.774 [main] INFO  o.s.t.w.s.TestDispatcherServlet - Initializing Servlet ''
20:27:36.774 [main] INFO  o.s.t.w.s.TestDispatcherServlet - Completed initialization in 0 ms
20:27:36.947 [main] INFO  c.e.a.controller.LoginController - User logged in successfully
20:27:36.994 [main] INFO  c.e.a.controller.StatementController - statement List returned [com.example.assignment.entity.Statement@77bca6d6]
20:27:37.010 [main] INFO  c.e.a.controller.StatementController - statement List returned [com.example.assignment.entity.Statement@158566f8, com.example.assignment.entity.Statement@e7afdd0]
20:38:49.625 [main] INFO  c.e.a.AssignmentApplicationTests - Starting AssignmentApplicationTests using Java 17.0.8 on Khaoula with PID 19616 (started by jbeli in C:\Users\jbeli\eclipse-workspace\assignment.zip_expanded\assignment)
20:38:49.625 [main] INFO  c.e.a.AssignmentApplicationTests - No active profile set, falling back to default profiles: default
20:38:51.621 [main] INFO  o.s.s.web.DefaultSecurityFilterChain - Will secure any request with [org.springframework.security.web.context.request.async.WebAsyncManagerIntegrationFilter@22349ad3, org.springframework.security.web.context.SecurityContextPersistenceFilter@6892d403, org.springframework.security.web.header.HeaderWriterFilter@79080255, org.springframework.security.web.authentication.logout.LogoutFilter@7ff7e353, org.springframework.security.web.session.ConcurrentSessionFilter@4779df3d, org.springframework.security.web.authentication.www.BasicAuthenticationFilter@188b9a1e, org.springframework.security.web.savedrequest.RequestCacheAwareFilter@32d8e58d, org.springframework.security.web.servletapi.SecurityContextHolderAwareRequestFilter@751b901a, org.springframework.security.web.authentication.AnonymousAuthenticationFilter@42fdf45e, org.springframework.security.web.session.SessionManagementFilter@291522f1, org.springframework.security.web.access.ExceptionTranslationFilter@1dae9e61, org.springframework.security.web.access.intercept.FilterSecurityInterceptor@20ad64c]
20:38:52.589 [main] INFO  c.e.a.AssignmentApplicationTests - Started AssignmentApplicationTests in 3.62 seconds (JVM running for 5.768)
20:38:53.623 [main] INFO  o.s.mock.web.MockServletContext - Initializing Spring TestDispatcherServlet ''
20:38:53.623 [main] INFO  o.s.t.w.s.TestDispatcherServlet - Initializing Servlet ''
20:38:53.623 [main] INFO  o.s.t.w.s.TestDispatcherServlet - Completed initialization in 0 ms
20:38:53.796 [main] INFO  c.e.a.controller.LoginController - User logged in successfully
20:38:53.874 [main] INFO  c.e.a.controller.StatementController - statement List returned [com.example.assignment.entity.Statement@48c63936]
20:38:53.890 [main] INFO  c.e.a.controller.StatementController - statement List returned [com.example.assignment.entity.Statement@19146ad8, com.example.assignment.entity.Statement@77e0b681]
20:43:46.795 [main] INFO  c.e.a.AssignmentApplicationTests - Starting AssignmentApplicationTests using Java 17.0.8 on Khaoula with PID 19612 (started by jbeli in C:\Users\jbeli\eclipse-workspace\assignment.zip_expanded\assignment)
20:43:46.797 [main] INFO  c.e.a.AssignmentApplicationTests - No active profile set, falling back to default profiles: default
20:43:48.854 [main] INFO  o.s.s.web.DefaultSecurityFilterChain - Will secure any request with [org.springframework.security.web.context.request.async.WebAsyncManagerIntegrationFilter@7e0b68e5, org.springframework.security.web.context.SecurityContextPersistenceFilter@2926f7bd, org.springframework.security.web.header.HeaderWriterFilter@6a906078, org.springframework.security.web.authentication.logout.LogoutFilter@725490dd, org.springframework.security.web.session.ConcurrentSessionFilter@4c941d19, org.springframework.security.web.authentication.www.BasicAuthenticationFilter@7568134c, org.springframework.security.web.savedrequest.RequestCacheAwareFilter@4e0139, org.springframework.security.web.servletapi.SecurityContextHolderAwareRequestFilter@3cfab56d, org.springframework.security.web.authentication.AnonymousAuthenticationFilter@507fecf3, org.springframework.security.web.session.SessionManagementFilter@2446be5f, org.springframework.security.web.access.ExceptionTranslationFilter@442151d1, org.springframework.security.web.access.intercept.FilterSecurityInterceptor@3314f179]
20:43:49.842 [main] INFO  c.e.a.AssignmentApplicationTests - Started AssignmentApplicationTests in 3.772 seconds (JVM running for 5.632)
20:43:50.846 [main] INFO  o.s.mock.web.MockServletContext - Initializing Spring TestDispatcherServlet ''
20:43:50.846 [main] INFO  o.s.t.w.s.TestDispatcherServlet - Initializing Servlet ''
20:43:50.862 [main] INFO  o.s.t.w.s.TestDispatcherServlet - Completed initialization in 16 ms
20:43:51.081 [main] INFO  c.e.a.controller.LoginController - User logged in successfully
20:43:51.144 [main] INFO  c.e.a.controller.StatementController - statement List returned [com.example.assignment.entity.Statement@77bca6d6]
20:43:51.160 [main] INFO  c.e.a.controller.StatementController - statement List returned [com.example.assignment.entity.Statement@158566f8, com.example.assignment.entity.Statement@e7afdd0]
